2.4410 	ERROR 	Support for the `sounddevice` audio backend is not available this session. Please install `psychopy-sounddevice` and restart the session to enable support.
9.9292 	WARNING 	User requested fullscreen with size [1512  982], but screen is actually [1440, 900]. Using actual size
24.8374 	DATA 	Keypress: t
32.2144 	DATA 	Keypress: c
34.9086 	DATA 	Keypress: c
40.9463 	DATA 	Keypress: b
44.5290 	DATA 	Keypress: c
48.8967 	DATA 	Keypress: c
52.4790 	DATA 	Keypress: a
55.4939 	DATA 	Mouse: wheel shift=(0,0), pos=(765,583)
56.1962 	DATA 	Keypress: c
56.1966 	DATA 	Mouse: wheel shift=(0,0), pos=(765,583)
60.0296 	DATA 	Keypress: b
61.5772 	DATA 	Mouse: wheel shift=(0,0), pos=(763,583)
64.1768 	DATA 	Mouse: wheel shift=(0,0), pos=(763,583)
66.1130 	DATA 	Keypress: b
68.2948 	DATA 	Keypress: b
73.2796 	DATA 	Keypress: b
75.5296 	DATA 	Keypress: a
80.1627 	DATA 	Keypress: c
82.7132 	DATA 	Keypress: b
88.0126 	DATA 	Keypress: b
90.0299 	DATA 	Keypress: c
91.8767 	DATA 	Mouse: wheel shift=(0,0), pos=(767,584)
91.8769 	DATA 	Mouse: wheel shift=(0,0), pos=(767,584)
91.8946 	DATA 	Mouse: wheel shift=(0,0), pos=(767,584)
91.9108 	DATA 	Mouse: wheel shift=(0,0), pos=(767,584)
91.9276 	DATA 	Mouse: wheel shift=(0,0), pos=(767,584)
91.9438 	DATA 	Mouse: wheel shift=(0,0), pos=(767,584)
91.9611 	DATA 	Mouse: wheel shift=(0,0), pos=(767,584)
91.9778 	DATA 	Mouse: wheel shift=(0,0), pos=(767,584)
91.9942 	DATA 	Mouse: wheel shift=(0,0), pos=(767,584)
92.0106 	DATA 	Mouse: wheel shift=(0,0), pos=(767,584)
92.0273 	DATA 	Mouse: wheel shift=(0,0), pos=(767,584)
92.0426 	DATA 	Mouse: wheel shift=(0,0), pos=(767,584)
92.0594 	DATA 	Mouse: wheel shift=(0,0), pos=(767,584)
92.0775 	DATA 	Mouse: wheel shift=(0,0), pos=(767,584)
92.0935 	DATA 	Mouse: wheel shift=(0,0), pos=(767,584)
92.0937 	DATA 	Mouse: wheel shift=(0,0), pos=(767,584)
92.1108 	DATA 	Mouse: wheel shift=(0,0), pos=(767,584)
92.1770 	DATA 	Mouse: wheel shift=(0,0), pos=(767,584)
92.1942 	DATA 	Mouse: wheel shift=(0,0), pos=(767,584)
92.2107 	DATA 	Mouse: wheel shift=(0,0), pos=(767,584)
92.2433 	DATA 	Mouse: wheel shift=(0,0), pos=(767,584)
92.2607 	DATA 	Mouse: wheel shift=(0,0), pos=(767,584)
92.2609 	DATA 	Mouse: wheel shift=(0,0), pos=(767,584)
94.9134 	DATA 	Keypress: b
99.0459 	DATA 	Keypress: b
102.8462 	DATA 	Keypress: b
104.9300 	DATA 	Keypress: c
110.2803 	DATA 	Keypress: b
113.4120 	DATA 	Keypress: b
119.0123 	DATA 	Keypress: a
121.0466 	DATA 	Keypress: c
126.3963 	DATA 	Keypress: b
129.1629 	DATA 	Keypress: b
133.3129 	DATA 	Keypress: c
135.3615 	DATA 	Keypress: c
139.2464 	DATA 	Keypress: b
141.5964 	DATA 	Keypress: a
145.9796 	DATA 	Keypress: b
149.6966 	DATA 	Keypress: b
154.7965 	DATA 	Keypress: c
157.8293 	DATA 	Keypress: c
162.6463 	DATA 	Keypress: c
164.7795 	DATA 	Keypress: c
169.5628 	DATA 	Keypress: c
172.2631 	DATA 	Keypress: c
176.5956 	DATA 	Keypress: c
177.5630 	DATA 	Keypress: c
181.0127 	DATA 	Keypress: c
185.9295 	DATA 	Keypress: a
187.9800 	DATA 	Keypress: c
191.7966 	DATA 	Keypress: c
194.3628 	DATA 	Keypress: c
199.0466 	DATA 	Keypress: c
201.1130 	DATA 	Keypress: a
206.1450 	DATA 	Keypress: b
208.6799 	DATA 	Keypress: c
215.0633 	DATA 	Keypress: a
217.6631 	DATA 	Keypress: a
222.2967 	DATA 	Keypress: b
224.8624 	DATA 	Keypress: a
229.1626 	DATA 	Keypress: a
231.7298 	DATA 	Keypress: a
236.5633 	DATA 	Keypress: b
240.1466 	DATA 	Keypress: a
244.4962 	DATA 	Keypress: a
247.5466 	DATA 	Keypress: b
251.6132 	DATA 	Keypress: b
254.2132 	DATA 	Keypress: a
258.5467 	DATA 	Keypress: b
260.8132 	DATA 	Keypress: b
265.7127 	DATA 	Keypress: a
266.1959 	DATA 	Keypress: a
269.7784 	DATA 	Keypress: a
274.9465 	DATA 	Keypress: b
277.0459 	DATA 	Keypress: a
281.1966 	DATA 	Keypress: a
283.2631 	DATA 	Keypress: a
287.5959 	DATA 	Keypress: a
289.7466 	DATA 	Keypress: a
294.5631 	DATA 	Keypress: b
296.6125 	DATA 	Keypress: a
301.4629 	DATA 	Keypress: a
303.4465 	DATA 	Keypress: a
307.7460 	DATA 	Keypress: a
308.7297 	DATA 	Keypress: a
311.6627 	DATA 	Keypress: a
315.4630 	DATA 	Keypress: a
318.0629 	DATA 	Keypress: a
321.7628 	DATA 	Keypress: a
324.6794 	DATA 	Keypress: a
330.1137 	DATA 	Keypress: a
333.4295 	DATA 	Keypress: a
337.9289 	DATA 	Keypress: a
341.4470 	DATA 	Keypress: a
345.8296 	DATA 	Keypress: a
347.6791 	DATA 	Keypress: a
352.6125 	DATA 	Keypress: b
355.1283 	DATA 	Keypress: a
359.5462 	DATA 	Keypress: a
362.5964 	DATA 	Keypress: a
367.4459 	DATA 	Keypress: a
370.0126 	DATA 	Keypress: a
374.8128 	DATA 	Keypress: a
377.0289 	DATA 	Keypress: a
381.3794 	DATA 	Keypress: a
383.4626 	DATA 	Keypress: a
387.8973 	DATA 	Keypress: b
391.1461 	DATA 	Keypress: b
395.2958 	DATA 	Keypress: b
397.8296 	DATA 	Keypress: a
401.8460 	DATA 	Keypress: b
405.0123 	DATA 	Keypress: b
410.5124 	DATA 	Keypress: a
412.6122 	DATA 	Keypress: a
417.4798 	DATA 	Keypress: b
420.4957 	DATA 	Keypress: a
425.3297 	DATA 	Keypress: a
427.9623 	DATA 	Keypress: b
432.2961 	DATA 	Keypress: a
434.8628 	DATA 	Keypress: a
439.0956 	DATA 	Keypress: a
442.0789 	DATA 	Keypress: b
447.1959 	DATA 	Keypress: b
449.1790 	DATA 	Keypress: b
454.0627 	DATA 	Keypress: a
456.4965 	DATA 	Keypress: b
461.1291 	DATA 	Keypress: b
463.6293 	DATA 	Keypress: a
468.3457 	DATA 	Keypress: b
470.9128 	DATA 	Keypress: b
475.1123 	DATA 	Keypress: b
477.4957 	DATA 	Keypress: c
481.3791 	DATA 	Keypress: b
483.9962 	DATA 	Keypress: c
488.2300 	DATA 	Keypress: c
490.9462 	DATA 	Keypress: c
495.2291 	DATA 	Keypress: b
497.3125 	DATA 	Keypress: b
502.4798 	DATA 	Keypress: b
505.7119 	DATA 	Keypress: b
509.6294 	DATA 	Keypress: b
511.7461 	DATA 	Keypress: a
516.9955 	DATA 	Keypress: b
520.5294 	DATA 	Keypress: a
525.7794 	DATA 	Keypress: b
528.6287 	DATA 	Keypress: a
532.4297 	DATA 	Keypress: b
534.4289 	DATA 	Keypress: b
538.1621 	DATA 	Keypress: b
541.5794 	DATA 	Keypress: c
545.7457 	DATA 	Keypress: b
547.5618 	DATA 	Keypress: b
552.2794 	DATA 	Keypress: b
554.8619 	DATA 	Keypress: a
565.2618 	DATA 	Keypress: a
