3.5463 	ERROR 	Support for the `sounddevice` audio backend is not available this session. Please install `psychopy-sounddevice` and restart the session to enable support.
9.5897 	WARNING 	Monitor specification not found. Creating a temporary one...
9.5923 	WARNING 	User requested fullscreen with size [1512  982], but screen is actually [1920, 1080]. Using actual size
45.2816 	DATA 	Keypress: lshift
45.2817 	DATA 	Keypress: t
46.8813 	DATA 	Keypress: lshift
46.8814 	DATA 	Keypress: t
48.4832 	DATA 	Keypress: lshift
48.4833 	DATA 	Keypress: t
50.0842 	DATA 	Keypress: lshift
50.0843 	DATA 	Keypress: t
51.6847 	DATA 	Keypress: lshift
51.6848 	DATA 	Keypress: t
53.0699 	DATA 	Keypress: c
53.2878 	DATA 	Keypress: lshift
53.2880 	DATA 	Keypress: t
54.8885 	DATA 	Keypress: lshift
54.8887 	DATA 	Keypress: t
56.0885 	DATA 	Keypress: c
56.4878 	DATA 	Keypress: lshift
56.4879 	DATA 	Keypress: t
58.0895 	DATA 	Keypress: lshift
58.0896 	DATA 	Keypress: t
59.6906 	DATA 	Keypress: lshift
59.6907 	DATA 	Keypress: t
60.5584 	DATA 	Keypress: c
61.2911 	DATA 	Keypress: lshift
61.2912 	DATA 	Keypress: t
61.7089 	DATA 	Keypress: c
62.8924 	DATA 	Keypress: lshift
62.8925 	DATA 	Keypress: t
64.4937 	DATA 	Keypress: lshift
64.4938 	DATA 	Keypress: t
64.7781 	DATA 	Keypress: c
66.0954 	DATA 	Keypress: lshift
66.0955 	DATA 	Keypress: t
67.3629 	DATA 	Keypress: lshift
67.3630 	DATA 	Keypress: a
67.6965 	DATA 	Keypress: lshift
67.6966 	DATA 	Keypress: t
69.2811 	DATA 	Keypress: lshift
69.2812 	DATA 	Keypress: t
70.8818 	DATA 	Keypress: lshift
70.8819 	DATA 	Keypress: t
72.3164 	DATA 	Keypress: lshift
72.3165 	DATA 	Keypress: a
72.4836 	DATA 	Keypress: lshift
72.4837 	DATA 	Keypress: t
73.9176 	DATA 	Keypress: lshift
73.9177 	DATA 	Keypress: a
74.0841 	DATA 	Keypress: lshift
74.0842 	DATA 	Keypress: t
75.6871 	DATA 	Keypress: lshift
75.6872 	DATA 	Keypress: t
77.2864 	DATA 	Keypress: lshift
77.2865 	DATA 	Keypress: t
78.8873 	DATA 	Keypress: lshift
78.8874 	DATA 	Keypress: t
79.7724 	DATA 	Keypress: c
80.4891 	DATA 	Keypress: lshift
80.4892 	DATA 	Keypress: t
81.8403 	DATA 	Keypress: lshift
81.8404 	DATA 	Keypress: a
82.1425 	DATA 	Keypress: lshift
82.1426 	DATA 	Keypress: t
83.6910 	DATA 	Keypress: lshift
83.6911 	DATA 	Keypress: t
85.2921 	DATA 	Keypress: lshift
85.2922 	DATA 	Keypress: t
85.8096 	DATA 	Keypress: c
86.8932 	DATA 	Keypress: lshift
86.8933 	DATA 	Keypress: t
88.4796 	DATA 	Keypress: lshift
88.4798 	DATA 	Keypress: a
88.4800 	DATA 	Keypress: lshift
88.4801 	DATA 	Keypress: t
90.0798 	DATA 	Keypress: lshift
90.0799 	DATA 	Keypress: t
91.6804 	DATA 	Keypress: lshift
91.6805 	DATA 	Keypress: t
92.4306 	DATA 	Keypress: c
93.2817 	DATA 	Keypress: lshift
93.2818 	DATA 	Keypress: t
94.8823 	DATA 	Keypress: lshift
94.8824 	DATA 	Keypress: t
95.1829 	DATA 	Keypress: lshift
95.1830 	DATA 	Keypress: a
96.4834 	DATA 	Keypress: lshift
96.4835 	DATA 	Keypress: t
98.0843 	DATA 	Keypress: lshift
98.0844 	DATA 	Keypress: t
99.6858 	DATA 	Keypress: lshift
99.6859 	DATA 	Keypress: t
99.8361 	DATA 	Keypress: c
101.2867 	DATA 	Keypress: lshift
101.2868 	DATA 	Keypress: t
102.4213 	DATA 	Keypress: lshift
102.4214 	DATA 	Keypress: a
102.8878 	DATA 	Keypress: lshift
102.8879 	DATA 	Keypress: t
104.4893 	DATA 	Keypress: lshift
104.4894 	DATA 	Keypress: t
106.0927 	DATA 	Keypress: lshift
106.0928 	DATA 	Keypress: t
106.8246 	DATA 	Keypress: c
107.6912 	DATA 	Keypress: lshift
107.6913 	DATA 	Keypress: t
109.2925 	DATA 	Keypress: lshift
109.2926 	DATA 	Keypress: t
109.9270 	DATA 	Keypress: c
110.8939 	DATA 	Keypress: lshift
110.8940 	DATA 	Keypress: t
112.4797 	DATA 	Keypress: lshift
112.4798 	DATA 	Keypress: t
113.5128 	DATA 	Keypress: c
114.0811 	DATA 	Keypress: lshift
114.0812 	DATA 	Keypress: t
115.6803 	DATA 	Keypress: lshift
115.6804 	DATA 	Keypress: t
116.3648 	DATA 	Keypress: c
117.2820 	DATA 	Keypress: lshift
117.2821 	DATA 	Keypress: t
118.8830 	DATA 	Keypress: lshift
118.8831 	DATA 	Keypress: t
120.4846 	DATA 	Keypress: lshift
120.4847 	DATA 	Keypress: t
120.9039 	DATA 	Keypress: c
122.0849 	DATA 	Keypress: lshift
122.0850 	DATA 	Keypress: t
122.9532 	DATA 	Keypress: lshift
122.9533 	DATA 	Keypress: a
123.6802 	DATA 	Keypress: lshift
123.6804 	DATA 	Keypress: t
125.2877 	DATA 	Keypress: lshift
125.2878 	DATA 	Keypress: t
126.8884 	DATA 	Keypress: lshift
126.8885 	DATA 	Keypress: t
127.2059 	DATA 	Keypress: c
128.2566 	DATA 	Keypress: c
128.4899 	DATA 	Keypress: lshift
128.4900 	DATA 	Keypress: t
130.0910 	DATA 	Keypress: lshift
130.0911 	DATA 	Keypress: t
131.6920 	DATA 	Keypress: lshift
131.6921 	DATA 	Keypress: t
132.3930 	DATA 	Keypress: c
133.2930 	DATA 	Keypress: lshift
133.2931 	DATA 	Keypress: t
133.4937 	DATA 	Keypress: c
134.8944 	DATA 	Keypress: lshift
134.8945 	DATA 	Keypress: t
136.4804 	DATA 	Keypress: lshift
136.4805 	DATA 	Keypress: t
136.6460 	DATA 	Keypress: c
137.6970 	DATA 	Keypress: lshift
137.6971 	DATA 	Keypress: a
138.0802 	DATA 	Keypress: lshift
138.0803 	DATA 	Keypress: t
139.6824 	DATA 	Keypress: lshift
139.6825 	DATA 	Keypress: t
141.2826 	DATA 	Keypress: lshift
141.2827 	DATA 	Keypress: t
142.3007 	DATA 	Keypress: c
142.8842 	DATA 	Keypress: lshift
142.8843 	DATA 	Keypress: t
144.4841 	DATA 	Keypress: lshift
144.4843 	DATA 	Keypress: t
145.3524 	DATA 	Keypress: c
146.0853 	DATA 	Keypress: lshift
146.0854 	DATA 	Keypress: t
147.6869 	DATA 	Keypress: lshift
147.6870 	DATA 	Keypress: t
148.3877 	DATA 	Keypress: c
149.2882 	DATA 	Keypress: lshift
149.2883 	DATA 	Keypress: t
150.8903 	DATA 	Keypress: lshift
150.8905 	DATA 	Keypress: t
151.2922 	DATA 	Keypress: c
152.4912 	DATA 	Keypress: lshift
152.4914 	DATA 	Keypress: t
154.0921 	DATA 	Keypress: lshift
154.0923 	DATA 	Keypress: t
154.8925 	DATA 	Keypress: lshift
154.8926 	DATA 	Keypress: a
155.6926 	DATA 	Keypress: lshift
155.6927 	DATA 	Keypress: t
156.0259 	DATA 	Keypress: lshift
156.0260 	DATA 	Keypress: a
157.2938 	DATA 	Keypress: lshift
157.2939 	DATA 	Keypress: t
158.8964 	DATA 	Keypress: lshift
158.8966 	DATA 	Keypress: t
159.9317 	DATA 	Keypress: c
160.4810 	DATA 	Keypress: lshift
160.4811 	DATA 	Keypress: t
162.0804 	DATA 	Keypress: lshift
162.0805 	DATA 	Keypress: t
162.5003 	DATA 	Keypress: c
163.6822 	DATA 	Keypress: lshift
163.6823 	DATA 	Keypress: t
165.2831 	DATA 	Keypress: lshift
165.2832 	DATA 	Keypress: t
166.1338 	DATA 	Keypress: lshift
166.1339 	DATA 	Keypress: a
166.8838 	DATA 	Keypress: lshift
166.8839 	DATA 	Keypress: t
167.5013 	DATA 	Keypress: lshift
167.5014 	DATA 	Keypress: a
168.4847 	DATA 	Keypress: lshift
168.4848 	DATA 	Keypress: t
170.0862 	DATA 	Keypress: lshift
170.0863 	DATA 	Keypress: t
171.3706 	DATA 	Keypress: lshift
171.3707 	DATA 	Keypress: a
171.6874 	DATA 	Keypress: lshift
171.6876 	DATA 	Keypress: t
172.2713 	DATA 	Keypress: lshift
172.2714 	DATA 	Keypress: a
173.2882 	DATA 	Keypress: lshift
173.2884 	DATA 	Keypress: t
174.8920 	DATA 	Keypress: lshift
174.8922 	DATA 	Keypress: t
176.4903 	DATA 	Keypress: lshift
176.4904 	DATA 	Keypress: t
176.8584 	DATA 	Keypress: lshift
176.8585 	DATA 	Keypress: a
177.9783 	DATA 	Keypress: lshift
177.9785 	DATA 	Keypress: a
178.0940 	DATA 	Keypress: lshift
178.0942 	DATA 	Keypress: t
179.6931 	DATA 	Keypress: lshift
179.6932 	DATA 	Keypress: t
181.2942 	DATA 	Keypress: lshift
181.2943 	DATA 	Keypress: t
182.1286 	DATA 	Keypress: lshift
182.1287 	DATA 	Keypress: a
182.8798 	DATA 	Keypress: lshift
182.8800 	DATA 	Keypress: t
183.2459 	DATA 	Keypress: lshift
183.2460 	DATA 	Keypress: a
184.4802 	DATA 	Keypress: lshift
184.4803 	DATA 	Keypress: t
186.0811 	DATA 	Keypress: lshift
186.0812 	DATA 	Keypress: t
187.6821 	DATA 	Keypress: lshift
187.6822 	DATA 	Keypress: t
188.1851 	DATA 	Keypress: lshift
188.1853 	DATA 	Keypress: a
189.2833 	DATA 	Keypress: lshift
189.2834 	DATA 	Keypress: t
189.7671 	DATA 	Keypress: lshift
189.7672 	DATA 	Keypress: a
190.8840 	DATA 	Keypress: lshift
190.8841 	DATA 	Keypress: t
192.4854 	DATA 	Keypress: lshift
192.4854 	DATA 	Keypress: t
194.0862 	DATA 	Keypress: lshift
194.0863 	DATA 	Keypress: t
194.2880 	DATA 	Keypress: lshift
194.2881 	DATA 	Keypress: a
195.4053 	DATA 	Keypress: lshift
195.4054 	DATA 	Keypress: a
195.6884 	DATA 	Keypress: lshift
195.6885 	DATA 	Keypress: t
197.2893 	DATA 	Keypress: lshift
197.2894 	DATA 	Keypress: t
198.8910 	DATA 	Keypress: lshift
198.8912 	DATA 	Keypress: t
199.3100 	DATA 	Keypress: c
200.4921 	DATA 	Keypress: lshift
200.4923 	DATA 	Keypress: t
202.0119 	DATA 	Keypress: c
202.0945 	DATA 	Keypress: lshift
202.0947 	DATA 	Keypress: t
203.6936 	DATA 	Keypress: lshift
203.6937 	DATA 	Keypress: t
205.2951 	DATA 	Keypress: lshift
205.2952 	DATA 	Keypress: t
206.4959 	DATA 	Keypress: c
206.8800 	DATA 	Keypress: lshift
206.8801 	DATA 	Keypress: t
208.4801 	DATA 	Keypress: lshift
208.4802 	DATA 	Keypress: t
208.5831 	DATA 	Keypress: c
210.0819 	DATA 	Keypress: lshift
210.0820 	DATA 	Keypress: t
211.6827 	DATA 	Keypress: lshift
211.6828 	DATA 	Keypress: t
213.0342 	DATA 	Keypress: lshift
213.0343 	DATA 	Keypress: a
213.2877 	DATA 	Keypress: lshift
213.2879 	DATA 	Keypress: t
214.8020 	DATA 	Keypress: lshift
214.8021 	DATA 	Keypress: a
214.8850 	DATA 	Keypress: lshift
214.8851 	DATA 	Keypress: t
216.4857 	DATA 	Keypress: lshift
216.4858 	DATA 	Keypress: t
218.0872 	DATA 	Keypress: lshift
218.0873 	DATA 	Keypress: t
219.6056 	DATA 	Keypress: c
219.6885 	DATA 	Keypress: lshift
219.6886 	DATA 	Keypress: t
221.2235 	DATA 	Keypress: c
221.2896 	DATA 	Keypress: lshift
221.2897 	DATA 	Keypress: t
222.8904 	DATA 	Keypress: lshift
222.8905 	DATA 	Keypress: t
224.0757 	DATA 	Keypress: c
224.4924 	DATA 	Keypress: lshift
224.4925 	DATA 	Keypress: t
225.1098 	DATA 	Keypress: lshift
225.1099 	DATA 	Keypress: a
226.0932 	DATA 	Keypress: lshift
226.0933 	DATA 	Keypress: t
227.6945 	DATA 	Keypress: lshift
227.6946 	DATA 	Keypress: t
228.9789 	DATA 	Keypress: lshift
228.9790 	DATA 	Keypress: a
229.2799 	DATA 	Keypress: lshift
229.2800 	DATA 	Keypress: t
230.8798 	DATA 	Keypress: lshift
230.8799 	DATA 	Keypress: t
231.5479 	DATA 	Keypress: lshift
231.5480 	DATA 	Keypress: a
232.4813 	DATA 	Keypress: lshift
232.4814 	DATA 	Keypress: t
234.0827 	DATA 	Keypress: lshift
234.0828 	DATA 	Keypress: t
235.6827 	DATA 	Keypress: lshift
235.6828 	DATA 	Keypress: t
235.9842 	DATA 	Keypress: lshift
235.9843 	DATA 	Keypress: a
237.2840 	DATA 	Keypress: lshift
237.2842 	DATA 	Keypress: t
237.6017 	DATA 	Keypress: lshift
237.6018 	DATA 	Keypress: a
238.8852 	DATA 	Keypress: lshift
238.8853 	DATA 	Keypress: t
240.4867 	DATA 	Keypress: lshift
240.4868 	DATA 	Keypress: t
242.0875 	DATA 	Keypress: lshift
242.0876 	DATA 	Keypress: t
242.3387 	DATA 	Keypress: lshift
242.3388 	DATA 	Keypress: a
243.3557 	DATA 	Keypress: lshift
243.3558 	DATA 	Keypress: a
243.6890 	DATA 	Keypress: lshift
243.6891 	DATA 	Keypress: t
245.2902 	DATA 	Keypress: lshift
245.2903 	DATA 	Keypress: t
246.4414 	DATA 	Keypress: lshift
246.4415 	DATA 	Keypress: a
246.8910 	DATA 	Keypress: lshift
246.8911 	DATA 	Keypress: t
247.6925 	DATA 	Keypress: lshift
247.6926 	DATA 	Keypress: a
248.4926 	DATA 	Keypress: lshift
248.4927 	DATA 	Keypress: t
250.0939 	DATA 	Keypress: lshift
250.0940 	DATA 	Keypress: t
251.6790 	DATA 	Keypress: lshift
251.6791 	DATA 	Keypress: t
252.5291 	DATA 	Keypress: lshift
252.5292 	DATA 	Keypress: a
253.2790 	DATA 	Keypress: lshift
253.2791 	DATA 	Keypress: t
253.8799 	DATA 	Keypress: lshift
253.8800 	DATA 	Keypress: a
254.8802 	DATA 	Keypress: lshift
254.8803 	DATA 	Keypress: t
256.4818 	DATA 	Keypress: lshift
256.4819 	DATA 	Keypress: t
258.0823 	DATA 	Keypress: lshift
258.0824 	DATA 	Keypress: t
258.3358 	DATA 	Keypress: lshift
258.3360 	DATA 	Keypress: a
259.6842 	DATA 	Keypress: lshift
259.6843 	DATA 	Keypress: t
260.7518 	DATA 	Keypress: lshift
260.7519 	DATA 	Keypress: a
261.2845 	DATA 	Keypress: lshift
261.2846 	DATA 	Keypress: t
262.8861 	DATA 	Keypress: lshift
262.8862 	DATA 	Keypress: t
264.2877 	DATA 	Keypress: c
264.4873 	DATA 	Keypress: lshift
264.4874 	DATA 	Keypress: t
266.0895 	DATA 	Keypress: lshift
266.0897 	DATA 	Keypress: t
266.5565 	DATA 	Keypress: lshift
266.5566 	DATA 	Keypress: a
267.6889 	DATA 	Keypress: lshift
267.6890 	DATA 	Keypress: t
269.2905 	DATA 	Keypress: lshift
269.2907 	DATA 	Keypress: t
270.8917 	DATA 	Keypress: lshift
270.8918 	DATA 	Keypress: t
270.9423 	DATA 	Keypress: c
271.9595 	DATA 	Keypress: lshift
271.9596 	DATA 	Keypress: a
272.4931 	DATA 	Keypress: lshift
272.4932 	DATA 	Keypress: t
274.0786 	DATA 	Keypress: lshift
274.0787 	DATA 	Keypress: t
275.6790 	DATA 	Keypress: lshift
275.6791 	DATA 	Keypress: t
276.6293 	DATA 	Keypress: c
277.2792 	DATA 	Keypress: lshift
277.2793 	DATA 	Keypress: t
278.0141 	DATA 	Keypress: lshift
278.0142 	DATA 	Keypress: a
278.8813 	DATA 	Keypress: lshift
278.8814 	DATA 	Keypress: t
280.4821 	DATA 	Keypress: lshift
280.4821 	DATA 	Keypress: t
282.0830 	DATA 	Keypress: lshift
282.0831 	DATA 	Keypress: t
282.2502 	DATA 	Keypress: c
283.6844 	DATA 	Keypress: lshift
283.6845 	DATA 	Keypress: t
285.0857 	DATA 	Keypress: c
285.2856 	DATA 	Keypress: lshift
285.2857 	DATA 	Keypress: t
286.8864 	DATA 	Keypress: lshift
286.8865 	DATA 	Keypress: t
288.4878 	DATA 	Keypress: lshift
288.4879 	DATA 	Keypress: t
290.0899 	DATA 	Keypress: lshift
290.0901 	DATA 	Keypress: t
290.6153 	DATA 	Keypress: c
291.6912 	DATA 	Keypress: lshift
291.6914 	DATA 	Keypress: t
292.3751 	DATA 	Keypress: lshift
292.3752 	DATA 	Keypress: a
293.2925 	DATA 	Keypress: lshift
293.2927 	DATA 	Keypress: t
294.8794 	DATA 	Keypress: lshift
294.8795 	DATA 	Keypress: t
295.4437 	DATA 	Keypress: c
