3.5636 	ERROR 	Support for the `sounddevice` audio backend is not available this session. Please install `psychopy-sounddevice` and restart the session to enable support.
18.5028 	WARNING 	Monitor specification not found. Creating a temporary one...
18.5076 	WARNING 	User requested fullscreen with size [1512  982], but screen is actually [1920, 1080]. Using actual size
47.0534 	DATA 	Keypress: lshift
47.0535 	DATA 	Keypress: t
48.6533 	DATA 	Keypress: lshift
48.6534 	DATA 	Keypress: t
50.2545 	DATA 	Keypress: lshift
50.2546 	DATA 	Keypress: t
51.8555 	DATA 	Keypress: lshift
51.8556 	DATA 	Keypress: t
53.4563 	DATA 	Keypress: lshift
53.4564 	DATA 	Keypress: t
55.0575 	DATA 	Keypress: lshift
55.0576 	DATA 	Keypress: t
56.6588 	DATA 	Keypress: lshift
56.6589 	DATA 	Keypress: t
58.1045 	DATA 	Keypress: lshift
58.1046 	DATA 	Keypress: a
58.2599 	DATA 	Keypress: lshift
58.2600 	DATA 	Keypress: t
59.8606 	DATA 	Keypress: lshift
59.8607 	DATA 	Keypress: t
61.0961 	DATA 	Keypress: lshift
61.0962 	DATA 	Keypress: a
61.4629 	DATA 	Keypress: lshift
61.4630 	DATA 	Keypress: t
63.0633 	DATA 	Keypress: lshift
63.0634 	DATA 	Keypress: t
64.6644 	DATA 	Keypress: lshift
64.6645 	DATA 	Keypress: t
66.2501 	DATA 	Keypress: lshift
66.2502 	DATA 	Keypress: t
67.7672 	DATA 	Keypress: c
67.8505 	DATA 	Keypress: lshift
67.8506 	DATA 	Keypress: t
69.4531 	DATA 	Keypress: lshift
69.4532 	DATA 	Keypress: t
71.0541 	DATA 	Keypress: lshift
71.0542 	DATA 	Keypress: t
72.4546 	DATA 	Keypress: lshift
72.4548 	DATA 	Keypress: a
72.6540 	DATA 	Keypress: lshift
72.6541 	DATA 	Keypress: t
74.2548 	DATA 	Keypress: lshift
74.2549 	DATA 	Keypress: t
75.0746 	DATA 	Keypress: lshift
75.0749 	DATA 	Keypress: a
75.8555 	DATA 	Keypress: lshift
75.8556 	DATA 	Keypress: t
77.4571 	DATA 	Keypress: lshift
77.4572 	DATA 	Keypress: t
79.0579 	DATA 	Keypress: lshift
79.0581 	DATA 	Keypress: t
79.1586 	DATA 	Keypress: c
80.4098 	DATA 	Keypress: c
80.6598 	DATA 	Keypress: lshift
80.6599 	DATA 	Keypress: t
82.2615 	DATA 	Keypress: lshift
82.2617 	DATA 	Keypress: t
83.8616 	DATA 	Keypress: lshift
83.8617 	DATA 	Keypress: t
84.2293 	DATA 	Keypress: lshift
84.2294 	DATA 	Keypress: a
85.4631 	DATA 	Keypress: lshift
85.4632 	DATA 	Keypress: t
86.8331 	DATA 	Keypress: lshift
86.8333 	DATA 	Keypress: a
87.0501 	DATA 	Keypress: lshift
87.0502 	DATA 	Keypress: t
88.6670 	DATA 	Keypress: lshift
88.6673 	DATA 	Keypress: t
90.2521 	DATA 	Keypress: lshift
90.2522 	DATA 	Keypress: t
91.6848 	DATA 	Keypress: lshift
91.6849 	DATA 	Keypress: a
91.8510 	DATA 	Keypress: lshift
91.8511 	DATA 	Keypress: t
93.4533 	DATA 	Keypress: lshift
93.4534 	DATA 	Keypress: t
94.4866 	DATA 	Keypress: lshift
94.4867 	DATA 	Keypress: a
95.0502 	DATA 	Keypress: lshift
95.0503 	DATA 	Keypress: t
96.6544 	DATA 	Keypress: lshift
96.6545 	DATA 	Keypress: t
98.2551 	DATA 	Keypress: lshift
98.2552 	DATA 	Keypress: t
98.5061 	DATA 	Keypress: c
99.8561 	DATA 	Keypress: lshift
99.8562 	DATA 	Keypress: t
101.4573 	DATA 	Keypress: lshift
101.4574 	DATA 	Keypress: t
101.6088 	DATA 	Keypress: c
103.0585 	DATA 	Keypress: lshift
103.0586 	DATA 	Keypress: t
104.6607 	DATA 	Keypress: lshift
104.6610 	DATA 	Keypress: t
106.2474 	DATA 	Keypress: c
106.2634 	DATA 	Keypress: lshift
106.2636 	DATA 	Keypress: t
107.8627 	DATA 	Keypress: lshift
107.8628 	DATA 	Keypress: t
109.4634 	DATA 	Keypress: lshift
109.4635 	DATA 	Keypress: t
109.5809 	DATA 	Keypress: lshift
109.5810 	DATA 	Keypress: a
111.0645 	DATA 	Keypress: lshift
111.0646 	DATA 	Keypress: t
112.6500 	DATA 	Keypress: lshift
112.6501 	DATA 	Keypress: t
113.4337 	DATA 	Keypress: lshift
113.4338 	DATA 	Keypress: a
114.2501 	DATA 	Keypress: lshift
114.2502 	DATA 	Keypress: t
114.8678 	DATA 	Keypress: lshift
114.8679 	DATA 	Keypress: a
115.8519 	DATA 	Keypress: lshift
115.8520 	DATA 	Keypress: t
117.4526 	DATA 	Keypress: lshift
117.4527 	DATA 	Keypress: t
119.0533 	DATA 	Keypress: lshift
119.0534 	DATA 	Keypress: t
119.3731 	DATA 	Keypress: c
120.5549 	DATA 	Keypress: c
120.6547 	DATA 	Keypress: lshift
120.6548 	DATA 	Keypress: t
122.2555 	DATA 	Keypress: lshift
122.2556 	DATA 	Keypress: t
123.8570 	DATA 	Keypress: lshift
123.8571 	DATA 	Keypress: t
125.4577 	DATA 	Keypress: lshift
125.4579 	DATA 	Keypress: t
125.9089 	DATA 	Keypress: lshift
125.9090 	DATA 	Keypress: a
127.0589 	DATA 	Keypress: lshift
127.0590 	DATA 	Keypress: t
128.4773 	DATA 	Keypress: lshift
128.4774 	DATA 	Keypress: a
128.6604 	DATA 	Keypress: lshift
128.6605 	DATA 	Keypress: t
130.2623 	DATA 	Keypress: lshift
130.2624 	DATA 	Keypress: t
131.8626 	DATA 	Keypress: lshift
131.8628 	DATA 	Keypress: t
132.6305 	DATA 	Keypress: c
133.4639 	DATA 	Keypress: lshift
133.4640 	DATA 	Keypress: t
134.9988 	DATA 	Keypress: c
135.0497 	DATA 	Keypress: lshift
135.0498 	DATA 	Keypress: t
136.6499 	DATA 	Keypress: lshift
136.6500 	DATA 	Keypress: t
138.2507 	DATA 	Keypress: lshift
138.2508 	DATA 	Keypress: t
138.9522 	DATA 	Keypress: lshift
138.9523 	DATA 	Keypress: a
139.8526 	DATA 	Keypress: lshift
139.8527 	DATA 	Keypress: t
141.4526 	DATA 	Keypress: lshift
141.4528 	DATA 	Keypress: t
141.9539 	DATA 	Keypress: lshift
141.9540 	DATA 	Keypress: a
143.0539 	DATA 	Keypress: lshift
143.0540 	DATA 	Keypress: t
144.6550 	DATA 	Keypress: lshift
144.6551 	DATA 	Keypress: t
146.2559 	DATA 	Keypress: lshift
146.2560 	DATA 	Keypress: t
146.5071 	DATA 	Keypress: lshift
146.5072 	DATA 	Keypress: a
147.8578 	DATA 	Keypress: lshift
147.8579 	DATA 	Keypress: t
149.2591 	DATA 	Keypress: lshift
149.2592 	DATA 	Keypress: a
149.4606 	DATA 	Keypress: lshift
149.4609 	DATA 	Keypress: t
151.0595 	DATA 	Keypress: lshift
151.0596 	DATA 	Keypress: t
152.6610 	DATA 	Keypress: lshift
152.6611 	DATA 	Keypress: t
154.2127 	DATA 	Keypress: c
154.2625 	DATA 	Keypress: lshift
154.2626 	DATA 	Keypress: t
155.8638 	DATA 	Keypress: lshift
155.8639 	DATA 	Keypress: t
156.9649 	DATA 	Keypress: c
157.4497 	DATA 	Keypress: lshift
157.4498 	DATA 	Keypress: t
159.0497 	DATA 	Keypress: lshift
159.0499 	DATA 	Keypress: t
160.6525 	DATA 	Keypress: lshift
160.6526 	DATA 	Keypress: t
162.0350 	DATA 	Keypress: c
162.2520 	DATA 	Keypress: lshift
162.2521 	DATA 	Keypress: t
163.8526 	DATA 	Keypress: lshift
163.8527 	DATA 	Keypress: t
165.1037 	DATA 	Keypress: c
165.4539 	DATA 	Keypress: lshift
165.4540 	DATA 	Keypress: t
167.0541 	DATA 	Keypress: lshift
167.0542 	DATA 	Keypress: t
168.6557 	DATA 	Keypress: lshift
168.6558 	DATA 	Keypress: t
170.2565 	DATA 	Keypress: lshift
170.2566 	DATA 	Keypress: t
170.3076 	DATA 	Keypress: c
171.8575 	DATA 	Keypress: lshift
171.8577 	DATA 	Keypress: t
172.8096 	DATA 	Keypress: lshift
172.8098 	DATA 	Keypress: a
173.4602 	DATA 	Keypress: lshift
173.4604 	DATA 	Keypress: t
175.0630 	DATA 	Keypress: lshift
175.0632 	DATA 	Keypress: t
176.6627 	DATA 	Keypress: lshift
176.6630 	DATA 	Keypress: t
177.6132 	DATA 	Keypress: lshift
177.6133 	DATA 	Keypress: a
178.2648 	DATA 	Keypress: lshift
178.2650 	DATA 	Keypress: t
179.8146 	DATA 	Keypress: lshift
179.8147 	DATA 	Keypress: a
179.8643 	DATA 	Keypress: lshift
179.8644 	DATA 	Keypress: t
181.4666 	DATA 	Keypress: lshift
181.4669 	DATA 	Keypress: t
183.0500 	DATA 	Keypress: lshift
183.0501 	DATA 	Keypress: t
183.8010 	DATA 	Keypress: lshift
183.8011 	DATA 	Keypress: a
184.6508 	DATA 	Keypress: lshift
184.6509 	DATA 	Keypress: t
186.2519 	DATA 	Keypress: lshift
186.2520 	DATA 	Keypress: t
187.1369 	DATA 	Keypress: c
187.8535 	DATA 	Keypress: lshift
187.8536 	DATA 	Keypress: t
189.4541 	DATA 	Keypress: lshift
189.4542 	DATA 	Keypress: t
191.0561 	DATA 	Keypress: lshift
191.0562 	DATA 	Keypress: t
192.6564 	DATA 	Keypress: lshift
192.6565 	DATA 	Keypress: t
193.7412 	DATA 	Keypress: lshift
193.7413 	DATA 	Keypress: a
194.2578 	DATA 	Keypress: lshift
194.2579 	DATA 	Keypress: t
195.6593 	DATA 	Keypress: lshift
195.6594 	DATA 	Keypress: a
195.8587 	DATA 	Keypress: lshift
195.8588 	DATA 	Keypress: t
197.4606 	DATA 	Keypress: lshift
197.4608 	DATA 	Keypress: t
199.0610 	DATA 	Keypress: lshift
199.0611 	DATA 	Keypress: t
200.6651 	DATA 	Keypress: lshift
200.6653 	DATA 	Keypress: a
200.6657 	DATA 	Keypress: lshift
200.6659 	DATA 	Keypress: t
202.2632 	DATA 	Keypress: lshift
202.2633 	DATA 	Keypress: t
203.2148 	DATA 	Keypress: lshift
203.2149 	DATA 	Keypress: a
203.8487 	DATA 	Keypress: lshift
203.8488 	DATA 	Keypress: t
205.4516 	DATA 	Keypress: lshift
205.4518 	DATA 	Keypress: t
207.0520 	DATA 	Keypress: lshift
207.0521 	DATA 	Keypress: t
207.9344 	DATA 	Keypress: lshift
207.9345 	DATA 	Keypress: a
208.6511 	DATA 	Keypress: lshift
208.6512 	DATA 	Keypress: t
209.3190 	DATA 	Keypress: lshift
209.3191 	DATA 	Keypress: a
210.2522 	DATA 	Keypress: lshift
210.2523 	DATA 	Keypress: t
211.8579 	DATA 	Keypress: lshift
211.8580 	DATA 	Keypress: t
212.6211 	DATA 	Keypress: lshift
212.6212 	DATA 	Keypress: a
213.4546 	DATA 	Keypress: lshift
213.4547 	DATA 	Keypress: t
214.8397 	DATA 	Keypress: lshift
214.8398 	DATA 	Keypress: a
215.0558 	DATA 	Keypress: lshift
215.0559 	DATA 	Keypress: t
216.6566 	DATA 	Keypress: lshift
216.6567 	DATA 	Keypress: t
218.2582 	DATA 	Keypress: lshift
218.2583 	DATA 	Keypress: t
219.8599 	DATA 	Keypress: lshift
219.8602 	DATA 	Keypress: t
220.8798 	DATA 	Keypress: c
221.4626 	DATA 	Keypress: lshift
221.4628 	DATA 	Keypress: t
223.0627 	DATA 	Keypress: lshift
223.0630 	DATA 	Keypress: t
223.3464 	DATA 	Keypress: c
224.6640 	DATA 	Keypress: lshift
224.6642 	DATA 	Keypress: t
226.2494 	DATA 	Keypress: lshift
226.2495 	DATA 	Keypress: t
227.8499 	DATA 	Keypress: lshift
227.8500 	DATA 	Keypress: t
228.5684 	DATA 	Keypress: c
229.4524 	DATA 	Keypress: lshift
229.4525 	DATA 	Keypress: t
231.0509 	DATA 	Keypress: lshift
231.0510 	DATA 	Keypress: t
232.2189 	DATA 	Keypress: lshift
232.2190 	DATA 	Keypress: a
232.6518 	DATA 	Keypress: lshift
232.6519 	DATA 	Keypress: t
234.2532 	DATA 	Keypress: lshift
234.2533 	DATA 	Keypress: t
235.4731 	DATA 	Keypress: lshift
235.4733 	DATA 	Keypress: a
235.8550 	DATA 	Keypress: lshift
235.8551 	DATA 	Keypress: t
237.2385 	DATA 	Keypress: lshift
237.2386 	DATA 	Keypress: a
237.4551 	DATA 	Keypress: lshift
237.4552 	DATA 	Keypress: t
239.0561 	DATA 	Keypress: lshift
239.0562 	DATA 	Keypress: t
240.6573 	DATA 	Keypress: lshift
240.6574 	DATA 	Keypress: t
242.2584 	DATA 	Keypress: lshift
242.2585 	DATA 	Keypress: t
242.4761 	DATA 	Keypress: c
243.7436 	DATA 	Keypress: lshift
243.7437 	DATA 	Keypress: a
243.8597 	DATA 	Keypress: lshift
243.8598 	DATA 	Keypress: t
245.4609 	DATA 	Keypress: lshift
245.4610 	DATA 	Keypress: t
247.0625 	DATA 	Keypress: lshift
247.0627 	DATA 	Keypress: t
248.5972 	DATA 	Keypress: c
248.6637 	DATA 	Keypress: lshift
248.6638 	DATA 	Keypress: t
250.2487 	DATA 	Keypress: lshift
250.2488 	DATA 	Keypress: t
250.5647 	DATA 	Keypress: lshift
250.5648 	DATA 	Keypress: a
251.8509 	DATA 	Keypress: lshift
251.8510 	DATA 	Keypress: t
253.4507 	DATA 	Keypress: lshift
253.4508 	DATA 	Keypress: t
255.0509 	DATA 	Keypress: lshift
255.0510 	DATA 	Keypress: t
255.8857 	DATA 	Keypress: c
256.6524 	DATA 	Keypress: lshift
256.6525 	DATA 	Keypress: t
257.9034 	DATA 	Keypress: lshift
257.9036 	DATA 	Keypress: a
258.2536 	DATA 	Keypress: lshift
258.2537 	DATA 	Keypress: t
259.8550 	DATA 	Keypress: lshift
259.8552 	DATA 	Keypress: t
261.4557 	DATA 	Keypress: lshift
261.4558 	DATA 	Keypress: t
262.4905 	DATA 	Keypress: c
263.0569 	DATA 	Keypress: lshift
263.0570 	DATA 	Keypress: t
264.6578 	DATA 	Keypress: lshift
264.6579 	DATA 	Keypress: t
266.0260 	DATA 	Keypress: c
266.2607 	DATA 	Keypress: lshift
266.2610 	DATA 	Keypress: t
267.8598 	DATA 	Keypress: lshift
267.8600 	DATA 	Keypress: t
269.4637 	DATA 	Keypress: lshift
269.4639 	DATA 	Keypress: t
270.4461 	DATA 	Keypress: lshift
270.4462 	DATA 	Keypress: a
271.0636 	DATA 	Keypress: lshift
271.0638 	DATA 	Keypress: t
272.0163 	DATA 	Keypress: lshift
272.0165 	DATA 	Keypress: a
272.6638 	DATA 	Keypress: lshift
272.6639 	DATA 	Keypress: t
274.2485 	DATA 	Keypress: lshift
274.2486 	DATA 	Keypress: t
275.6996 	DATA 	Keypress: c
275.8494 	DATA 	Keypress: lshift
275.8495 	DATA 	Keypress: t
277.4509 	DATA 	Keypress: lshift
277.4510 	DATA 	Keypress: t
277.9846 	DATA 	Keypress: c
279.0514 	DATA 	Keypress: lshift
279.0515 	DATA 	Keypress: t
280.6529 	DATA 	Keypress: lshift
280.6530 	DATA 	Keypress: t
282.2535 	DATA 	Keypress: lshift
282.2537 	DATA 	Keypress: t
283.8544 	DATA 	Keypress: lshift
283.8546 	DATA 	Keypress: t
284.4408 	DATA 	Keypress: lshift
284.4410 	DATA 	Keypress: a
285.4560 	DATA 	Keypress: lshift
285.4561 	DATA 	Keypress: t
285.6401 	DATA 	Keypress: lshift
285.6402 	DATA 	Keypress: a
287.0572 	DATA 	Keypress: lshift
287.0573 	DATA 	Keypress: t
288.6584 	DATA 	Keypress: lshift
288.6585 	DATA 	Keypress: t
290.2605 	DATA 	Keypress: lshift
290.2607 	DATA 	Keypress: t
291.8620 	DATA 	Keypress: lshift
291.8622 	DATA 	Keypress: t
292.3809 	DATA 	Keypress: c
293.4618 	DATA 	Keypress: lshift
293.4619 	DATA 	Keypress: t
294.5632 	DATA 	Keypress: lshift
294.5633 	DATA 	Keypress: a
295.1172 	DATA 	Keypress: lshift
295.1173 	DATA 	Keypress: t
296.6476 	DATA 	Keypress: lshift
296.6488 	DATA 	Keypress: t
298.2514 	DATA 	Keypress: lshift
298.2515 	DATA 	Keypress: t
299.8504 	DATA 	Keypress: lshift
299.8505 	DATA 	Keypress: t
299.8672 	DATA 	Keypress: lshift
299.8673 	DATA 	Keypress: a
301.4512 	DATA 	Keypress: lshift
301.4513 	DATA 	Keypress: t
302.6691 	DATA 	Keypress: lshift
302.6692 	DATA 	Keypress: a
303.0523 	DATA 	Keypress: lshift
303.0524 	DATA 	Keypress: t
304.6674 	DATA 	Keypress: lshift
304.6675 	DATA 	Keypress: t
305.8719 	DATA 	Keypress: lshift
305.8721 	DATA 	Keypress: a
306.2544 	DATA 	Keypress: lshift
306.2545 	DATA 	Keypress: t
307.8553 	DATA 	Keypress: lshift
307.8554 	DATA 	Keypress: t
308.0395 	DATA 	Keypress: lshift
308.0396 	DATA 	Keypress: a
309.4564 	DATA 	Keypress: lshift
309.4565 	DATA 	Keypress: t
311.0578 	DATA 	Keypress: lshift
311.0579 	DATA 	Keypress: t
312.6595 	DATA 	Keypress: lshift
312.6596 	DATA 	Keypress: t
312.7956 	DATA 	Keypress: c
314.2619 	DATA 	Keypress: lshift
314.2621 	DATA 	Keypress: t
315.0614 	DATA 	Keypress: lshift
315.0615 	DATA 	Keypress: a
315.8614 	DATA 	Keypress: lshift
315.8615 	DATA 	Keypress: t
317.4629 	DATA 	Keypress: lshift
317.4630 	DATA 	Keypress: t
319.0635 	DATA 	Keypress: lshift
319.0636 	DATA 	Keypress: t
319.2474 	DATA 	Keypress: c
320.6483 	DATA 	Keypress: lshift
320.6485 	DATA 	Keypress: t
321.3845 	DATA 	Keypress: lshift
321.3846 	DATA 	Keypress: a
322.2490 	DATA 	Keypress: lshift
322.2491 	DATA 	Keypress: t
323.8511 	DATA 	Keypress: lshift
323.8512 	DATA 	Keypress: t
324.5512 	DATA 	Keypress: c
325.4512 	DATA 	Keypress: lshift
325.4514 	DATA 	Keypress: t
325.8693 	DATA 	Keypress: lshift
325.8694 	DATA 	Keypress: a
327.0525 	DATA 	Keypress: lshift
327.0526 	DATA 	Keypress: t
328.6540 	DATA 	Keypress: lshift
328.6541 	DATA 	Keypress: t
329.4381 	DATA 	Keypress: c
330.2550 	DATA 	Keypress: lshift
330.2551 	DATA 	Keypress: t
331.4062 	DATA 	Keypress: lshift
331.4063 	DATA 	Keypress: a
331.8563 	DATA 	Keypress: lshift
331.8564 	DATA 	Keypress: t
333.4576 	DATA 	Keypress: lshift
333.4577 	DATA 	Keypress: t
335.0585 	DATA 	Keypress: lshift
335.0586 	DATA 	Keypress: t
336.6599 	DATA 	Keypress: lshift
336.6600 	DATA 	Keypress: t
337.2428 	DATA 	Keypress: c
