3.5894 	ERROR 	Support for the `sounddevice` audio backend is not available this session. Please install `psychopy-sounddevice` and restart the session to enable support.
14.5917 	WARNING 	Monitor specification not found. Creating a temporary one...
14.5963 	WARNING 	User requested fullscreen with size [1512  982], but screen is actually [1920, 1080]. Using actual size
40.6269 	DATA 	Keypress: lshift
40.6271 	DATA 	Keypress: t
42.2265 	DATA 	Keypress: lshift
42.2266 	DATA 	Keypress: t
43.8272 	DATA 	Keypress: lshift
43.8273 	DATA 	Keypress: t
45.4291 	DATA 	Keypress: lshift
45.4292 	DATA 	Keypress: t
47.0286 	DATA 	Keypress: lshift
47.0287 	DATA 	Keypress: t
47.9978 	DATA 	Keypress: b
48.6306 	DATA 	Keypress: lshift
48.6307 	DATA 	Keypress: t
50.2316 	DATA 	Keypress: lshift
50.2317 	DATA 	Keypress: t
50.5825 	DATA 	Keypress: a
51.8325 	DATA 	Keypress: lshift
51.8326 	DATA 	Keypress: t
53.4339 	DATA 	Keypress: lshift
53.4340 	DATA 	Keypress: t
55.0349 	DATA 	Keypress: lshift
55.0350 	DATA 	Keypress: t
55.5358 	DATA 	Keypress: b
56.6358 	DATA 	Keypress: lshift
56.6359 	DATA 	Keypress: t
58.0541 	DATA 	Keypress: lshift
58.0542 	DATA 	Keypress: c
58.2242 	DATA 	Keypress: lshift
58.2243 	DATA 	Keypress: t
59.8388 	DATA 	Keypress: lshift
59.8389 	DATA 	Keypress: t
61.4232 	DATA 	Keypress: lshift
61.4234 	DATA 	Keypress: t
63.0245 	DATA 	Keypress: lshift
63.0246 	DATA 	Keypress: t
63.8265 	DATA 	Keypress: c
64.6254 	DATA 	Keypress: lshift
64.6255 	DATA 	Keypress: t
66.2259 	DATA 	Keypress: lshift
66.2260 	DATA 	Keypress: t
66.4264 	DATA 	Keypress: a
67.8280 	DATA 	Keypress: lshift
67.8281 	DATA 	Keypress: t
69.4285 	DATA 	Keypress: lshift
69.4286 	DATA 	Keypress: t
71.0296 	DATA 	Keypress: lshift
71.0297 	DATA 	Keypress: t
71.3133 	DATA 	Keypress: a
72.2478 	DATA 	Keypress: a
72.6310 	DATA 	Keypress: lshift
72.6311 	DATA 	Keypress: t
74.2325 	DATA 	Keypress: lshift
74.2326 	DATA 	Keypress: t
75.8327 	DATA 	Keypress: lshift
75.8329 	DATA 	Keypress: t
75.8667 	DATA 	Keypress: a
77.4338 	DATA 	Keypress: lshift
77.4340 	DATA 	Keypress: t
79.0352 	DATA 	Keypress: lshift
79.0353 	DATA 	Keypress: t
80.3034 	DATA 	Keypress: a
80.6368 	DATA 	Keypress: lshift
80.6369 	DATA 	Keypress: t
82.2374 	DATA 	Keypress: lshift
82.2375 	DATA 	Keypress: t
82.6718 	DATA 	Keypress: a
83.8237 	DATA 	Keypress: lshift
83.8238 	DATA 	Keypress: t
85.4239 	DATA 	Keypress: lshift
85.4240 	DATA 	Keypress: t
85.8421 	DATA 	Keypress: a
86.9593 	DATA 	Keypress: a
87.0256 	DATA 	Keypress: lshift
87.0257 	DATA 	Keypress: t
88.6269 	DATA 	Keypress: lshift
88.6270 	DATA 	Keypress: t
89.2266 	DATA 	Keypress: a
90.2266 	DATA 	Keypress: lshift
90.2267 	DATA 	Keypress: t
91.8280 	DATA 	Keypress: lshift
91.8281 	DATA 	Keypress: t
93.4286 	DATA 	Keypress: lshift
93.4288 	DATA 	Keypress: t
93.6628 	DATA 	Keypress: a
95.0300 	DATA 	Keypress: lshift
95.0301 	DATA 	Keypress: t
96.1479 	DATA 	Keypress: a
96.6311 	DATA 	Keypress: lshift
96.6312 	DATA 	Keypress: t
98.2327 	DATA 	Keypress: lshift
98.2328 	DATA 	Keypress: t
99.8007 	DATA 	Keypress: a
99.8353 	DATA 	Keypress: lshift
99.8355 	DATA 	Keypress: t
101.4348 	DATA 	Keypress: lshift
101.4349 	DATA 	Keypress: t
102.7361 	DATA 	Keypress: a
103.0371 	DATA 	Keypress: lshift
103.0373 	DATA 	Keypress: t
104.6376 	DATA 	Keypress: lshift
104.6377 	DATA 	Keypress: t
106.2399 	DATA 	Keypress: lshift
106.2401 	DATA 	Keypress: t
107.1229 	DATA 	Keypress: c
107.8238 	DATA 	Keypress: lshift
107.8239 	DATA 	Keypress: t
109.2741 	DATA 	Keypress: b
109.4240 	DATA 	Keypress: lshift
109.4241 	DATA 	Keypress: t
111.0264 	DATA 	Keypress: lshift
111.0265 	DATA 	Keypress: t
112.6264 	DATA 	Keypress: lshift
112.6265 	DATA 	Keypress: t
113.1601 	DATA 	Keypress: b
114.2272 	DATA 	Keypress: lshift
114.2273 	DATA 	Keypress: t
115.2451 	DATA 	Keypress: a
115.8280 	DATA 	Keypress: lshift
115.8281 	DATA 	Keypress: t
117.4296 	DATA 	Keypress: lshift
117.4297 	DATA 	Keypress: t
119.0310 	DATA 	Keypress: lshift
119.0311 	DATA 	Keypress: t
119.6819 	DATA 	Keypress: b
120.6318 	DATA 	Keypress: lshift
120.6319 	DATA 	Keypress: t
122.2330 	DATA 	Keypress: lshift
122.2331 	DATA 	Keypress: t
122.8680 	DATA 	Keypress: a
123.8337 	DATA 	Keypress: lshift
123.8338 	DATA 	Keypress: t
125.4356 	DATA 	Keypress: lshift
125.4357 	DATA 	Keypress: t
127.0363 	DATA 	Keypress: lshift
127.0364 	DATA 	Keypress: t
127.1700 	DATA 	Keypress: b
128.6241 	DATA 	Keypress: lshift
128.6242 	DATA 	Keypress: t
129.8558 	DATA 	Keypress: b
130.2388 	DATA 	Keypress: lshift
130.2389 	DATA 	Keypress: t
131.8236 	DATA 	Keypress: lshift
131.8237 	DATA 	Keypress: t
133.4256 	DATA 	Keypress: lshift
133.4257 	DATA 	Keypress: t
134.1931 	DATA 	Keypress: a
135.0267 	DATA 	Keypress: lshift
135.0268 	DATA 	Keypress: t
136.6114 	DATA 	Keypress: a
136.6268 	DATA 	Keypress: lshift
136.6269 	DATA 	Keypress: t
138.2278 	DATA 	Keypress: lshift
138.2279 	DATA 	Keypress: t
139.8291 	DATA 	Keypress: lshift
139.8292 	DATA 	Keypress: t
141.4302 	DATA 	Keypress: lshift
141.4303 	DATA 	Keypress: t
142.1310 	DATA 	Keypress: a
143.0310 	DATA 	Keypress: lshift
143.0311 	DATA 	Keypress: t
144.2828 	DATA 	Keypress: a
144.6321 	DATA 	Keypress: lshift
144.6322 	DATA 	Keypress: t
146.2338 	DATA 	Keypress: lshift
146.2339 	DATA 	Keypress: t
147.8343 	DATA 	Keypress: lshift
147.8344 	DATA 	Keypress: t
149.4033 	DATA 	Keypress: a
149.4362 	DATA 	Keypress: lshift
149.4363 	DATA 	Keypress: t
151.0368 	DATA 	Keypress: lshift
151.0369 	DATA 	Keypress: t
152.1055 	DATA 	Keypress: a
152.6400 	DATA 	Keypress: lshift
152.6402 	DATA 	Keypress: t
154.2243 	DATA 	Keypress: lshift
154.2244 	DATA 	Keypress: t
155.8251 	DATA 	Keypress: lshift
155.8252 	DATA 	Keypress: t
156.4753 	DATA 	Keypress: b
157.1591 	DATA 	Keypress: b
157.4258 	DATA 	Keypress: lshift
157.4259 	DATA 	Keypress: t
159.0258 	DATA 	Keypress: lshift
159.0259 	DATA 	Keypress: t
159.2599 	DATA 	Keypress: a
160.6272 	DATA 	Keypress: lshift
160.6273 	DATA 	Keypress: t
162.2287 	DATA 	Keypress: lshift
162.2288 	DATA 	Keypress: t
163.8289 	DATA 	Keypress: lshift
163.8290 	DATA 	Keypress: t
164.7996 	DATA 	Keypress: c
165.4312 	DATA 	Keypress: lshift
165.4313 	DATA 	Keypress: t
167.0318 	DATA 	Keypress: lshift
167.0319 	DATA 	Keypress: t
167.5988 	DATA 	Keypress: a
168.6328 	DATA 	Keypress: lshift
168.6329 	DATA 	Keypress: t
170.2357 	DATA 	Keypress: lshift
170.2359 	DATA 	Keypress: t
171.8363 	DATA 	Keypress: lshift
171.8365 	DATA 	Keypress: t
173.3038 	DATA 	Keypress: c
173.4386 	DATA 	Keypress: lshift
173.4388 	DATA 	Keypress: t
175.0443 	DATA 	Keypress: lshift
175.0444 	DATA 	Keypress: t
175.4385 	DATA 	Keypress: b
176.6239 	DATA 	Keypress: lshift
176.6240 	DATA 	Keypress: t
178.2274 	DATA 	Keypress: lshift
178.2275 	DATA 	Keypress: t
179.7914 	DATA 	Keypress: c
179.8249 	DATA 	Keypress: lshift
179.8250 	DATA 	Keypress: t
181.4268 	DATA 	Keypress: lshift
181.4269 	DATA 	Keypress: t
181.9436 	DATA 	Keypress: a
183.0267 	DATA 	Keypress: lshift
183.0268 	DATA 	Keypress: t
184.6281 	DATA 	Keypress: lshift
184.6282 	DATA 	Keypress: t
186.2285 	DATA 	Keypress: lshift
186.2286 	DATA 	Keypress: t
187.4327 	DATA 	Keypress: c
187.8302 	DATA 	Keypress: lshift
187.8303 	DATA 	Keypress: t
189.4308 	DATA 	Keypress: lshift
189.4309 	DATA 	Keypress: t
190.2000 	DATA 	Keypress: b
191.0320 	DATA 	Keypress: lshift
191.0321 	DATA 	Keypress: t
192.6344 	DATA 	Keypress: lshift
192.6346 	DATA 	Keypress: t
194.2347 	DATA 	Keypress: lshift
194.2348 	DATA 	Keypress: t
194.7361 	DATA 	Keypress: b
195.8356 	DATA 	Keypress: lshift
195.8357 	DATA 	Keypress: t
197.2873 	DATA 	Keypress: a
197.4375 	DATA 	Keypress: lshift
197.4376 	DATA 	Keypress: t
199.0226 	DATA 	Keypress: lshift
199.0228 	DATA 	Keypress: t
200.2392 	DATA 	Keypress: a
200.6229 	DATA 	Keypress: lshift
200.6230 	DATA 	Keypress: t
201.3237 	DATA 	Keypress: a
202.2240 	DATA 	Keypress: lshift
202.2241 	DATA 	Keypress: t
203.3759 	DATA 	Keypress: a
203.8248 	DATA 	Keypress: lshift
203.8249 	DATA 	Keypress: t
205.4268 	DATA 	Keypress: lshift
205.4269 	DATA 	Keypress: t
207.0275 	DATA 	Keypress: lshift
207.0276 	DATA 	Keypress: t
208.6278 	DATA 	Keypress: lshift
208.6279 	DATA 	Keypress: t
208.6784 	DATA 	Keypress: a
210.2292 	DATA 	Keypress: lshift
210.2293 	DATA 	Keypress: t
210.7643 	DATA 	Keypress: a
211.8304 	DATA 	Keypress: lshift
211.8305 	DATA 	Keypress: t
213.4320 	DATA 	Keypress: lshift
213.4321 	DATA 	Keypress: t
215.0336 	DATA 	Keypress: lshift
215.0338 	DATA 	Keypress: t
216.2677 	DATA 	Keypress: c
216.6337 	DATA 	Keypress: lshift
216.6338 	DATA 	Keypress: t
218.2359 	DATA 	Keypress: lshift
218.2362 	DATA 	Keypress: t
219.0207 	DATA 	Keypress: lshift
219.0208 	DATA 	Keypress: b
219.8362 	DATA 	Keypress: lshift
219.8363 	DATA 	Keypress: t
221.4374 	DATA 	Keypress: lshift
221.4375 	DATA 	Keypress: t
223.0229 	DATA 	Keypress: lshift
223.0230 	DATA 	Keypress: t
223.1233 	DATA 	Keypress: b
224.6349 	DATA 	Keypress: lshift
224.6352 	DATA 	Keypress: t
226.2246 	DATA 	Keypress: lshift
226.2247 	DATA 	Keypress: t
227.2587 	DATA 	Keypress: lshift
227.2588 	DATA 	Keypress: b
227.8253 	DATA 	Keypress: lshift
227.8254 	DATA 	Keypress: t
229.4268 	DATA 	Keypress: lshift
229.4269 	DATA 	Keypress: t
231.0273 	DATA 	Keypress: lshift
231.0274 	DATA 	Keypress: t
231.6955 	DATA 	Keypress: lshift
231.6956 	DATA 	Keypress: b
232.6282 	DATA 	Keypress: lshift
232.6283 	DATA 	Keypress: t
233.5465 	DATA 	Keypress: lshift
233.5466 	DATA 	Keypress: c
234.2297 	DATA 	Keypress: lshift
234.2298 	DATA 	Keypress: t
235.8315 	DATA 	Keypress: lshift
235.8317 	DATA 	Keypress: t
237.4324 	DATA 	Keypress: lshift
237.4325 	DATA 	Keypress: t
237.9024 	DATA 	Keypress: lshift
237.9026 	DATA 	Keypress: b
239.0342 	DATA 	Keypress: lshift
239.0343 	DATA 	Keypress: t
240.6346 	DATA 	Keypress: lshift
240.6347 	DATA 	Keypress: t
240.9683 	DATA 	Keypress: lshift
240.9684 	DATA 	Keypress: c
242.2355 	DATA 	Keypress: lshift
242.2356 	DATA 	Keypress: t
243.8368 	DATA 	Keypress: lshift
243.8369 	DATA 	Keypress: t
245.4224 	DATA 	Keypress: lshift
245.4225 	DATA 	Keypress: t
245.6044 	DATA 	Keypress: lshift
245.6045 	DATA 	Keypress: b
247.0228 	DATA 	Keypress: lshift
247.0229 	DATA 	Keypress: t
248.6270 	DATA 	Keypress: lshift
248.6271 	DATA 	Keypress: t
249.2436 	DATA 	Keypress: c
250.2260 	DATA 	Keypress: lshift
250.2261 	DATA 	Keypress: t
251.8260 	DATA 	Keypress: lshift
251.8261 	DATA 	Keypress: t
253.4270 	DATA 	Keypress: lshift
253.4271 	DATA 	Keypress: t
255.0278 	DATA 	Keypress: lshift
255.0279 	DATA 	Keypress: t
255.1623 	DATA 	Keypress: lshift
255.1624 	DATA 	Keypress: b
256.6295 	DATA 	Keypress: lshift
256.6296 	DATA 	Keypress: t
258.2303 	DATA 	Keypress: lshift
258.2304 	DATA 	Keypress: t
258.2642 	DATA 	Keypress: lshift
258.2643 	DATA 	Keypress: a
259.8315 	DATA 	Keypress: lshift
259.8316 	DATA 	Keypress: t
261.4327 	DATA 	Keypress: lshift
261.4328 	DATA 	Keypress: t
263.0338 	DATA 	Keypress: lshift
263.0339 	DATA 	Keypress: t
263.6847 	DATA 	Keypress: c
264.6350 	DATA 	Keypress: lshift
264.6351 	DATA 	Keypress: t
265.5197 	DATA 	Keypress: c
266.2361 	DATA 	Keypress: lshift
266.2362 	DATA 	Keypress: t
267.8224 	DATA 	Keypress: lshift
267.8225 	DATA 	Keypress: t
269.4226 	DATA 	Keypress: lshift
269.4227 	DATA 	Keypress: t
271.0229 	DATA 	Keypress: lshift
271.0230 	DATA 	Keypress: t
272.4437 	DATA 	Keypress: c
272.6261 	DATA 	Keypress: lshift
272.6262 	DATA 	Keypress: t
274.2257 	DATA 	Keypress: lshift
274.2258 	DATA 	Keypress: t
275.8261 	DATA 	Keypress: lshift
275.8262 	DATA 	Keypress: t
276.1625 	DATA 	Keypress: c
277.4281 	DATA 	Keypress: lshift
277.4282 	DATA 	Keypress: t
279.0288 	DATA 	Keypress: lshift
279.0289 	DATA 	Keypress: t
280.6300 	DATA 	Keypress: lshift
280.6301 	DATA 	Keypress: t
281.3643 	DATA 	Keypress: lshift
281.3644 	DATA 	Keypress: a
282.2308 	DATA 	Keypress: lshift
282.2309 	DATA 	Keypress: t
283.6321 	DATA 	Keypress: lshift
283.6322 	DATA 	Keypress: a
283.8323 	DATA 	Keypress: lshift
283.8324 	DATA 	Keypress: t
285.4334 	DATA 	Keypress: lshift
285.4335 	DATA 	Keypress: t
287.0348 	DATA 	Keypress: lshift
287.0349 	DATA 	Keypress: t
288.6500 	DATA 	Keypress: lshift
288.6501 	DATA 	Keypress: t
289.5701 	DATA 	Keypress: c
290.2374 	DATA 	Keypress: lshift
290.2375 	DATA 	Keypress: t
291.8227 	DATA 	Keypress: lshift
291.8228 	DATA 	Keypress: t
293.0225 	DATA 	Keypress: c
293.4227 	DATA 	Keypress: lshift
293.4228 	DATA 	Keypress: t
295.0244 	DATA 	Keypress: lshift
295.0245 	DATA 	Keypress: t
296.6249 	DATA 	Keypress: lshift
296.6250 	DATA 	Keypress: t
296.8586 	DATA 	Keypress: lshift
296.8587 	DATA 	Keypress: b
298.2253 	DATA 	Keypress: lshift
298.2255 	DATA 	Keypress: t
299.4439 	DATA 	Keypress: c
299.8267 	DATA 	Keypress: lshift
299.8268 	DATA 	Keypress: t
301.4282 	DATA 	Keypress: lshift
301.4283 	DATA 	Keypress: t
303.0289 	DATA 	Keypress: lshift
303.0290 	DATA 	Keypress: t
303.5809 	DATA 	Keypress: lshift
303.5811 	DATA 	Keypress: a
304.6301 	DATA 	Keypress: lshift
304.6302 	DATA 	Keypress: t
305.6483 	DATA 	Keypress: a
306.2312 	DATA 	Keypress: lshift
306.2313 	DATA 	Keypress: t
307.8342 	DATA 	Keypress: lshift
307.8344 	DATA 	Keypress: t
309.4353 	DATA 	Keypress: lshift
309.4354 	DATA 	Keypress: t
309.5689 	DATA 	Keypress: c
310.3194 	DATA 	Keypress: c
311.0355 	DATA 	Keypress: lshift
311.0356 	DATA 	Keypress: t
312.6360 	DATA 	Keypress: lshift
312.6361 	DATA 	Keypress: t
312.9033 	DATA 	Keypress: lshift
312.9034 	DATA 	Keypress: b
314.2226 	DATA 	Keypress: lshift
314.2227 	DATA 	Keypress: t
315.8226 	DATA 	Keypress: lshift
315.8227 	DATA 	Keypress: t
317.4229 	DATA 	Keypress: lshift
317.4230 	DATA 	Keypress: t
317.7905 	DATA 	Keypress: c
318.6404 	DATA 	Keypress: c
319.0241 	DATA 	Keypress: lshift
319.0242 	DATA 	Keypress: t
320.6249 	DATA 	Keypress: lshift
320.6250 	DATA 	Keypress: t
321.9431 	DATA 	Keypress: c
322.2302 	DATA 	Keypress: lshift
322.2303 	DATA 	Keypress: t
323.8276 	DATA 	Keypress: lshift
323.8277 	DATA 	Keypress: t
325.4287 	DATA 	Keypress: lshift
325.4288 	DATA 	Keypress: t
326.7472 	DATA 	Keypress: lshift
326.7473 	DATA 	Keypress: c
327.0294 	DATA 	Keypress: lshift
327.0295 	DATA 	Keypress: t
327.4477 	DATA 	Keypress: lshift
327.4478 	DATA 	Keypress: c
328.6315 	DATA 	Keypress: lshift
328.6317 	DATA 	Keypress: t
330.2337 	DATA 	Keypress: lshift
330.2339 	DATA 	Keypress: t
330.5342 	DATA 	Keypress: lshift
330.5343 	DATA 	Keypress: c
331.8341 	DATA 	Keypress: lshift
331.8343 	DATA 	Keypress: t
333.4365 	DATA 	Keypress: lshift
333.4368 	DATA 	Keypress: t
335.0354 	DATA 	Keypress: lshift
335.0355 	DATA 	Keypress: t
336.0040 	DATA 	Keypress: c
336.6372 	DATA 	Keypress: lshift
336.6373 	DATA 	Keypress: t
338.2224 	DATA 	Keypress: lshift
338.2226 	DATA 	Keypress: t
339.6559 	DATA 	Keypress: c
339.8227 	DATA 	Keypress: lshift
339.8228 	DATA 	Keypress: t
341.4244 	DATA 	Keypress: lshift
341.4245 	DATA 	Keypress: t
343.0246 	DATA 	Keypress: lshift
343.0247 	DATA 	Keypress: t
344.4763 	DATA 	Keypress: c
344.6260 	DATA 	Keypress: lshift
344.6261 	DATA 	Keypress: t
346.2266 	DATA 	Keypress: lshift
346.2267 	DATA 	Keypress: t
346.7424 	DATA 	Keypress: lshift
346.7425 	DATA 	Keypress: b
347.2306 	DATA 	Keypress: lshift
347.2308 	DATA 	Keypress: b
347.8279 	DATA 	Keypress: lshift
347.8280 	DATA 	Keypress: t
349.4293 	DATA 	Keypress: lshift
349.4294 	DATA 	Keypress: t
351.0308 	DATA 	Keypress: lshift
351.0309 	DATA 	Keypress: t
351.6482 	DATA 	Keypress: c
352.6319 	DATA 	Keypress: lshift
352.6320 	DATA 	Keypress: t
354.1999 	DATA 	Keypress: lshift
354.2000 	DATA 	Keypress: b
354.2326 	DATA 	Keypress: lshift
354.2327 	DATA 	Keypress: t
355.8349 	DATA 	Keypress: lshift
355.8352 	DATA 	Keypress: t
357.4361 	DATA 	Keypress: lshift
357.4363 	DATA 	Keypress: t
358.1025 	DATA 	Keypress: lshift
358.1026 	DATA 	Keypress: b
359.0215 	DATA 	Keypress: lshift
359.0216 	DATA 	Keypress: t
360.6215 	DATA 	Keypress: lshift
360.6216 	DATA 	Keypress: t
360.6399 	DATA 	Keypress: lshift
360.6400 	DATA 	Keypress: c
362.2217 	DATA 	Keypress: lshift
362.2219 	DATA 	Keypress: t
363.8238 	DATA 	Keypress: lshift
363.8239 	DATA 	Keypress: t
365.4239 	DATA 	Keypress: lshift
365.4240 	DATA 	Keypress: t
365.5748 	DATA 	Keypress: c
367.0254 	DATA 	Keypress: lshift
367.0255 	DATA 	Keypress: t
368.6265 	DATA 	Keypress: lshift
368.6266 	DATA 	Keypress: t
368.6268 	DATA 	Keypress: lshift
368.6269 	DATA 	Keypress: a
370.2281 	DATA 	Keypress: lshift
370.2282 	DATA 	Keypress: t
371.8288 	DATA 	Keypress: lshift
371.8289 	DATA 	Keypress: t
373.4293 	DATA 	Keypress: lshift
373.4295 	DATA 	Keypress: t
374.1148 	DATA 	Keypress: c
375.0313 	DATA 	Keypress: lshift
375.0314 	DATA 	Keypress: t
376.6315 	DATA 	Keypress: lshift
376.6316 	DATA 	Keypress: t
377.2496 	DATA 	Keypress: b
378.2330 	DATA 	Keypress: lshift
378.2331 	DATA 	Keypress: t
379.8347 	DATA 	Keypress: lshift
379.8348 	DATA 	Keypress: t
381.4353 	DATA 	Keypress: lshift
381.4354 	DATA 	Keypress: t
382.0861 	DATA 	Keypress: c
383.0366 	DATA 	Keypress: lshift
383.0367 	DATA 	Keypress: t
384.3057 	DATA 	Keypress: a
384.6214 	DATA 	Keypress: lshift
384.6215 	DATA 	Keypress: t
386.2243 	DATA 	Keypress: lshift
386.2244 	DATA 	Keypress: t
387.8256 	DATA 	Keypress: lshift
387.8257 	DATA 	Keypress: t
388.1074 	DATA 	Keypress: c
389.4253 	DATA 	Keypress: lshift
389.4254 	DATA 	Keypress: t
391.0254 	DATA 	Keypress: lshift
391.0255 	DATA 	Keypress: t
391.5098 	DATA 	Keypress: b
392.6267 	DATA 	Keypress: lshift
392.6268 	DATA 	Keypress: t
394.2278 	DATA 	Keypress: lshift
394.2279 	DATA 	Keypress: t
395.8287 	DATA 	Keypress: lshift
395.8288 	DATA 	Keypress: t
396.6467 	DATA 	Keypress: c
397.4303 	DATA 	Keypress: lshift
397.4304 	DATA 	Keypress: t
399.0311 	DATA 	Keypress: lshift
399.0312 	DATA 	Keypress: t
400.6319 	DATA 	Keypress: lshift
400.6320 	DATA 	Keypress: t
401.7172 	DATA 	Keypress: c
402.2348 	DATA 	Keypress: lshift
402.2350 	DATA 	Keypress: t
403.8354 	DATA 	Keypress: lshift
403.8355 	DATA 	Keypress: t
405.4360 	DATA 	Keypress: lshift
405.4361 	DATA 	Keypress: t
405.5694 	DATA 	Keypress: c
406.4039 	DATA 	Keypress: c
407.0215 	DATA 	Keypress: lshift
407.0216 	DATA 	Keypress: t
407.9903 	DATA 	Keypress: a
408.6220 	DATA 	Keypress: lshift
408.6221 	DATA 	Keypress: t
409.2084 	DATA 	Keypress: a
410.2233 	DATA 	Keypress: lshift
410.2234 	DATA 	Keypress: t
411.8248 	DATA 	Keypress: lshift
411.8249 	DATA 	Keypress: t
413.4250 	DATA 	Keypress: lshift
413.4251 	DATA 	Keypress: t
414.1449 	DATA 	Keypress: lshift
414.1450 	DATA 	Keypress: b
415.0259 	DATA 	Keypress: lshift
415.0260 	DATA 	Keypress: t
416.2798 	DATA 	Keypress: lshift
416.2801 	DATA 	Keypress: c
416.6291 	DATA 	Keypress: lshift
416.6292 	DATA 	Keypress: t
418.2286 	DATA 	Keypress: lshift
418.2287 	DATA 	Keypress: t
419.8298 	DATA 	Keypress: lshift
419.8299 	DATA 	Keypress: t
421.1977 	DATA 	Keypress: lshift
421.1979 	DATA 	Keypress: b
421.4310 	DATA 	Keypress: lshift
421.4311 	DATA 	Keypress: t
423.0329 	DATA 	Keypress: lshift
423.0332 	DATA 	Keypress: t
424.2835 	DATA 	Keypress: c
424.6323 	DATA 	Keypress: lshift
424.6324 	DATA 	Keypress: t
426.2347 	DATA 	Keypress: lshift
426.2348 	DATA 	Keypress: t
427.8352 	DATA 	Keypress: lshift
427.8353 	DATA 	Keypress: t
428.6870 	DATA 	Keypress: c
429.4366 	DATA 	Keypress: lshift
429.4367 	DATA 	Keypress: t
431.0225 	DATA 	Keypress: lshift
431.0226 	DATA 	Keypress: t
431.0743 	DATA 	Keypress: c
432.6219 	DATA 	Keypress: lshift
432.6220 	DATA 	Keypress: t
434.2236 	DATA 	Keypress: lshift
434.2237 	DATA 	Keypress: t
435.5093 	DATA 	Keypress: lshift
435.5094 	DATA 	Keypress: c
435.8246 	DATA 	Keypress: lshift
435.8247 	DATA 	Keypress: t
437.4254 	DATA 	Keypress: lshift
437.4255 	DATA 	Keypress: t
439.0262 	DATA 	Keypress: lshift
439.0264 	DATA 	Keypress: t
439.1942 	DATA 	Keypress: b
440.6278 	DATA 	Keypress: lshift
440.6279 	DATA 	Keypress: t
442.2288 	DATA 	Keypress: lshift
442.2289 	DATA 	Keypress: t
443.6976 	DATA 	Keypress: b
443.8304 	DATA 	Keypress: lshift
443.8305 	DATA 	Keypress: t
445.4318 	DATA 	Keypress: lshift
445.4319 	DATA 	Keypress: t
447.0334 	DATA 	Keypress: lshift
447.0336 	DATA 	Keypress: t
448.6347 	DATA 	Keypress: lshift
448.6349 	DATA 	Keypress: t
449.9519 	DATA 	Keypress: c
450.2374 	DATA 	Keypress: lshift
450.2375 	DATA 	Keypress: t
451.8365 	DATA 	Keypress: lshift
451.8366 	DATA 	Keypress: t
453.4216 	DATA 	Keypress: lshift
453.4217 	DATA 	Keypress: t
455.0217 	DATA 	Keypress: lshift
455.0218 	DATA 	Keypress: t
455.7060 	DATA 	Keypress: lshift
455.7061 	DATA 	Keypress: a
456.6233 	DATA 	Keypress: lshift
456.6234 	DATA 	Keypress: t
458.0409 	DATA 	Keypress: lshift
458.0410 	DATA 	Keypress: c
458.2240 	DATA 	Keypress: lshift
458.2241 	DATA 	Keypress: t
459.8256 	DATA 	Keypress: lshift
459.8257 	DATA 	Keypress: t
461.4259 	DATA 	Keypress: lshift
461.4260 	DATA 	Keypress: t
462.3605 	DATA 	Keypress: lshift
462.3606 	DATA 	Keypress: c
463.0266 	DATA 	Keypress: lshift
463.0268 	DATA 	Keypress: t
464.5457 	DATA 	Keypress: lshift
464.5458 	DATA 	Keypress: c
464.6284 	DATA 	Keypress: lshift
464.6285 	DATA 	Keypress: t
466.2294 	DATA 	Keypress: lshift
466.2295 	DATA 	Keypress: t
467.8321 	DATA 	Keypress: lshift
467.8322 	DATA 	Keypress: t
469.4326 	DATA 	Keypress: lshift
469.4328 	DATA 	Keypress: t
469.4678 	DATA 	Keypress: lshift
469.4679 	DATA 	Keypress: c
471.0350 	DATA 	Keypress: lshift
471.0352 	DATA 	Keypress: t
472.6346 	DATA 	Keypress: lshift
472.6347 	DATA 	Keypress: t
473.0014 	DATA 	Keypress: lshift
473.0015 	DATA 	Keypress: c
474.2353 	DATA 	Keypress: lshift
474.2354 	DATA 	Keypress: t
475.8365 	DATA 	Keypress: lshift
475.8366 	DATA 	Keypress: t
477.3880 	DATA 	Keypress: lshift
477.3881 	DATA 	Keypress: b
477.4214 	DATA 	Keypress: lshift
477.4216 	DATA 	Keypress: t
479.0221 	DATA 	Keypress: lshift
479.0222 	DATA 	Keypress: t
479.9734 	DATA 	Keypress: lshift
479.9735 	DATA 	Keypress: c
480.6240 	DATA 	Keypress: lshift
480.6241 	DATA 	Keypress: t
482.2250 	DATA 	Keypress: lshift
482.2251 	DATA 	Keypress: t
483.8253 	DATA 	Keypress: lshift
483.8254 	DATA 	Keypress: t
485.4266 	DATA 	Keypress: lshift
485.4267 	DATA 	Keypress: t
485.5271 	DATA 	Keypress: lshift
485.5272 	DATA 	Keypress: c
487.0281 	DATA 	Keypress: lshift
487.0282 	DATA 	Keypress: t
487.1280 	DATA 	Keypress: lshift
487.1281 	DATA 	Keypress: c
488.6286 	DATA 	Keypress: lshift
488.6287 	DATA 	Keypress: t
490.2300 	DATA 	Keypress: lshift
490.2301 	DATA 	Keypress: t
491.4814 	DATA 	Keypress: lshift
491.4815 	DATA 	Keypress: c
491.8307 	DATA 	Keypress: lshift
491.8308 	DATA 	Keypress: t
493.4341 	DATA 	Keypress: lshift
493.4343 	DATA 	Keypress: t
495.0333 	DATA 	Keypress: lshift
495.0334 	DATA 	Keypress: t
495.9181 	DATA 	Keypress: lshift
495.9182 	DATA 	Keypress: b
496.6345 	DATA 	Keypress: lshift
496.6346 	DATA 	Keypress: t
498.0356 	DATA 	Keypress: lshift
498.0357 	DATA 	Keypress: c
498.2362 	DATA 	Keypress: lshift
498.2363 	DATA 	Keypress: t
499.8215 	DATA 	Keypress: lshift
499.8216 	DATA 	Keypress: t
501.4210 	DATA 	Keypress: lshift
501.4211 	DATA 	Keypress: t
502.7564 	DATA 	Keypress: lshift
502.7565 	DATA 	Keypress: b
503.0247 	DATA 	Keypress: lshift
503.0248 	DATA 	Keypress: t
504.6237 	DATA 	Keypress: lshift
504.6238 	DATA 	Keypress: t
504.7584 	DATA 	Keypress: lshift
504.7585 	DATA 	Keypress: b
506.2252 	DATA 	Keypress: lshift
506.2254 	DATA 	Keypress: t
507.8264 	DATA 	Keypress: lshift
507.8265 	DATA 	Keypress: t
509.4271 	DATA 	Keypress: lshift
509.4272 	DATA 	Keypress: t
510.0795 	DATA 	Keypress: lshift
510.0796 	DATA 	Keypress: c
511.0288 	DATA 	Keypress: lshift
511.0289 	DATA 	Keypress: t
512.6292 	DATA 	Keypress: lshift
512.6293 	DATA 	Keypress: t
513.1813 	DATA 	Keypress: lshift
513.1814 	DATA 	Keypress: c
513.8812 	DATA 	Keypress: lshift
513.8814 	DATA 	Keypress: c
514.2259 	DATA 	Keypress: lshift
514.2260 	DATA 	Keypress: t
515.8321 	DATA 	Keypress: lshift
515.8322 	DATA 	Keypress: t
516.8824 	DATA 	Keypress: lshift
516.8825 	DATA 	Keypress: c
517.4250 	DATA 	Keypress: lshift
517.4251 	DATA 	Keypress: t
517.5502 	DATA 	Keypress: lshift
517.5503 	DATA 	Keypress: c
519.0352 	DATA 	Keypress: lshift
519.0354 	DATA 	Keypress: t
519.0868 	DATA 	Keypress: lshift
519.0869 	DATA 	Keypress: c
520.3543 	DATA 	Keypress: lshift
520.3545 	DATA 	Keypress: c
520.6771 	DATA 	Keypress: lshift
520.6772 	DATA 	Keypress: t
522.2216 	DATA 	Keypress: lshift
522.2217 	DATA 	Keypress: t
523.8207 	DATA 	Keypress: lshift
523.8208 	DATA 	Keypress: t
525.0226 	DATA 	Keypress: lshift
525.0226 	DATA 	Keypress: b
525.4230 	DATA 	Keypress: lshift
525.4231 	DATA 	Keypress: t
527.0228 	DATA 	Keypress: lshift
527.0229 	DATA 	Keypress: t
527.9077 	DATA 	Keypress: lshift
527.9078 	DATA 	Keypress: c
528.6241 	DATA 	Keypress: lshift
528.6242 	DATA 	Keypress: t
530.2273 	DATA 	Keypress: lshift
530.2274 	DATA 	Keypress: t
531.8263 	DATA 	Keypress: lshift
531.8264 	DATA 	Keypress: t
531.9775 	DATA 	Keypress: lshift
531.9776 	DATA 	Keypress: c
533.4280 	DATA 	Keypress: lshift
533.4281 	DATA 	Keypress: t
535.0292 	DATA 	Keypress: lshift
535.0293 	DATA 	Keypress: t
535.6133 	DATA 	Keypress: lshift
535.6134 	DATA 	Keypress: c
536.6299 	DATA 	Keypress: lshift
536.6300 	DATA 	Keypress: t
538.2312 	DATA 	Keypress: lshift
538.2313 	DATA 	Keypress: t
539.8321 	DATA 	Keypress: lshift
539.8322 	DATA 	Keypress: t
541.0506 	DATA 	Keypress: lshift
541.0507 	DATA 	Keypress: c
541.4339 	DATA 	Keypress: lshift
541.4340 	DATA 	Keypress: t
543.0348 	DATA 	Keypress: lshift
543.0349 	DATA 	Keypress: t
543.0855 	DATA 	Keypress: lshift
543.0856 	DATA 	Keypress: c
544.6204 	DATA 	Keypress: lshift
544.6205 	DATA 	Keypress: t
546.2224 	DATA 	Keypress: lshift
546.2225 	DATA 	Keypress: t
547.8221 	DATA 	Keypress: lshift
547.8222 	DATA 	Keypress: t
548.5727 	DATA 	Keypress: lshift
548.5728 	DATA 	Keypress: c
549.4229 	DATA 	Keypress: lshift
549.4230 	DATA 	Keypress: t
551.0238 	DATA 	Keypress: lshift
551.0239 	DATA 	Keypress: t
551.1921 	DATA 	Keypress: lshift
551.1922 	DATA 	Keypress: b
552.6254 	DATA 	Keypress: lshift
552.6255 	DATA 	Keypress: t
554.2266 	DATA 	Keypress: lshift
554.2267 	DATA 	Keypress: t
555.8271 	DATA 	Keypress: lshift
555.8272 	DATA 	Keypress: t
556.5453 	DATA 	Keypress: lshift
556.5454 	DATA 	Keypress: a
557.4286 	DATA 	Keypress: lshift
557.4287 	DATA 	Keypress: t
559.0292 	DATA 	Keypress: lshift
559.0293 	DATA 	Keypress: t
559.2305 	DATA 	Keypress: lshift
559.2306 	DATA 	Keypress: b
560.6304 	DATA 	Keypress: lshift
560.6305 	DATA 	Keypress: t
562.2316 	DATA 	Keypress: lshift
562.2317 	DATA 	Keypress: t
563.8329 	DATA 	Keypress: lshift
563.8330 	DATA 	Keypress: t
564.3168 	DATA 	Keypress: lshift
564.3169 	DATA 	Keypress: b
565.4340 	DATA 	Keypress: lshift
565.4341 	DATA 	Keypress: t
566.3854 	DATA 	Keypress: lshift
566.3855 	DATA 	Keypress: c
567.0206 	DATA 	Keypress: lshift
567.0207 	DATA 	Keypress: t
568.6205 	DATA 	Keypress: lshift
568.6206 	DATA 	Keypress: t
570.2218 	DATA 	Keypress: lshift
570.2219 	DATA 	Keypress: t
571.7895 	DATA 	Keypress: lshift
571.7897 	DATA 	Keypress: a
571.8226 	DATA 	Keypress: lshift
571.8227 	DATA 	Keypress: t
573.4234 	DATA 	Keypress: lshift
573.4235 	DATA 	Keypress: t
573.9241 	DATA 	Keypress: lshift
573.9242 	DATA 	Keypress: c
575.0239 	DATA 	Keypress: lshift
575.0240 	DATA 	Keypress: t
576.6255 	DATA 	Keypress: lshift
576.6256 	DATA 	Keypress: t
578.2266 	DATA 	Keypress: lshift
578.2266 	DATA 	Keypress: t
578.9108 	DATA 	Keypress: lshift
578.9109 	DATA 	Keypress: a
579.8277 	DATA 	Keypress: lshift
579.8278 	DATA 	Keypress: t
581.4287 	DATA 	Keypress: lshift
581.4288 	DATA 	Keypress: t
581.5292 	DATA 	Keypress: lshift
581.5293 	DATA 	Keypress: a
583.0300 	DATA 	Keypress: lshift
583.0302 	DATA 	Keypress: t
584.6305 	DATA 	Keypress: lshift
584.6306 	DATA 	Keypress: t
586.2321 	DATA 	Keypress: lshift
586.2322 	DATA 	Keypress: t
586.3333 	DATA 	Keypress: lshift
586.3334 	DATA 	Keypress: a
587.8331 	DATA 	Keypress: lshift
587.8333 	DATA 	Keypress: t
588.8347 	DATA 	Keypress: lshift
588.8348 	DATA 	Keypress: a
589.4345 	DATA 	Keypress: lshift
589.4346 	DATA 	Keypress: t
591.0205 	DATA 	Keypress: lshift
591.0206 	DATA 	Keypress: t
592.6212 	DATA 	Keypress: lshift
592.6214 	DATA 	Keypress: t
592.6217 	DATA 	Keypress: lshift
592.6218 	DATA 	Keypress: c
594.2224 	DATA 	Keypress: lshift
594.2225 	DATA 	Keypress: t
594.4385 	DATA 	Keypress: lshift
594.4386 	DATA 	Keypress: c
595.8227 	DATA 	Keypress: lshift
595.8228 	DATA 	Keypress: t
597.4238 	DATA 	Keypress: lshift
597.4239 	DATA 	Keypress: t
597.7580 	DATA 	Keypress: c
598.5913 	DATA 	Keypress: a
