3.6573 	ERROR 	Support for the `sounddevice` audio backend is not available this session. Please install `psychopy-sounddevice` and restart the session to enable support.
10.7151 	WARNING 	Monitor specification not found. Creating a temporary one...
10.7178 	WARNING 	User requested fullscreen with size [1512  982], but screen is actually [1920, 1080]. Using actual size
36.5703 	DATA 	Keypress: lshift
36.5704 	DATA 	Keypress: t
38.1707 	DATA 	Keypress: lshift
38.1708 	DATA 	Keypress: t
39.7730 	DATA 	Keypress: lshift
39.7731 	DATA 	Keypress: t
41.3757 	DATA 	Keypress: lshift
41.3759 	DATA 	Keypress: t
42.9736 	DATA 	Keypress: lshift
42.9737 	DATA 	Keypress: t
44.0424 	DATA 	Keypress: lshift
44.0425 	DATA 	Keypress: a
44.5758 	DATA 	Keypress: lshift
44.5759 	DATA 	Keypress: t
46.1768 	DATA 	Keypress: lshift
46.1769 	DATA 	Keypress: t
46.6438 	DATA 	Keypress: lshift
46.6439 	DATA 	Keypress: b
47.7775 	DATA 	Keypress: lshift
47.7776 	DATA 	Keypress: t
49.3629 	DATA 	Keypress: lshift
49.3630 	DATA 	Keypress: t
50.9629 	DATA 	Keypress: lshift
50.9630 	DATA 	Keypress: t
52.3992 	DATA 	Keypress: lshift
52.3993 	DATA 	Keypress: a
52.5657 	DATA 	Keypress: lshift
52.5658 	DATA 	Keypress: t
54.1658 	DATA 	Keypress: lshift
54.1659 	DATA 	Keypress: t
55.7664 	DATA 	Keypress: lshift
55.7666 	DATA 	Keypress: t
56.1840 	DATA 	Keypress: c
57.3680 	DATA 	Keypress: lshift
57.3682 	DATA 	Keypress: t
58.9692 	DATA 	Keypress: lshift
58.9693 	DATA 	Keypress: t
60.5698 	DATA 	Keypress: lshift
60.5699 	DATA 	Keypress: t
60.6547 	DATA 	Keypress: lshift
60.6549 	DATA 	Keypress: a
61.8713 	DATA 	Keypress: lshift
61.8714 	DATA 	Keypress: a
62.1718 	DATA 	Keypress: lshift
62.1719 	DATA 	Keypress: t
63.7725 	DATA 	Keypress: lshift
63.7726 	DATA 	Keypress: t
65.3247 	DATA 	Keypress: b
65.3738 	DATA 	Keypress: lshift
65.3739 	DATA 	Keypress: t
66.9744 	DATA 	Keypress: lshift
66.9745 	DATA 	Keypress: t
68.5763 	DATA 	Keypress: lshift
68.5764 	DATA 	Keypress: t
70.1619 	DATA 	Keypress: lshift
70.1620 	DATA 	Keypress: t
70.7777 	DATA 	Keypress: lshift
70.7778 	DATA 	Keypress: a
71.7626 	DATA 	Keypress: lshift
71.7627 	DATA 	Keypress: t
72.6621 	DATA 	Keypress: lshift
72.6622 	DATA 	Keypress: b
73.3622 	DATA 	Keypress: lshift
73.3623 	DATA 	Keypress: t
74.9649 	DATA 	Keypress: lshift
74.9650 	DATA 	Keypress: t
76.5652 	DATA 	Keypress: lshift
76.5653 	DATA 	Keypress: t
77.2487 	DATA 	Keypress: lshift
77.2488 	DATA 	Keypress: a
78.1659 	DATA 	Keypress: lshift
78.1660 	DATA 	Keypress: t
79.3529 	DATA 	Keypress: lshift
79.3531 	DATA 	Keypress: a
79.7668 	DATA 	Keypress: lshift
79.7669 	DATA 	Keypress: t
81.3684 	DATA 	Keypress: lshift
81.3685 	DATA 	Keypress: t
82.9698 	DATA 	Keypress: lshift
82.9699 	DATA 	Keypress: t
83.9214 	DATA 	Keypress: lshift
83.9215 	DATA 	Keypress: c
84.5703 	DATA 	Keypress: lshift
84.5704 	DATA 	Keypress: t
85.3053 	DATA 	Keypress: lshift
85.3054 	DATA 	Keypress: c
86.1719 	DATA 	Keypress: lshift
86.1720 	DATA 	Keypress: t
87.7724 	DATA 	Keypress: lshift
87.7725 	DATA 	Keypress: t
88.9739 	DATA 	Keypress: a
89.3740 	DATA 	Keypress: lshift
89.3741 	DATA 	Keypress: t
90.9754 	DATA 	Keypress: lshift
90.9755 	DATA 	Keypress: t
92.5763 	DATA 	Keypress: lshift
92.5764 	DATA 	Keypress: t
92.8607 	DATA 	Keypress: lshift
92.8608 	DATA 	Keypress: b
94.1618 	DATA 	Keypress: lshift
94.1619 	DATA 	Keypress: t
95.5290 	DATA 	Keypress: lshift
95.5291 	DATA 	Keypress: c
95.7621 	DATA 	Keypress: lshift
95.7622 	DATA 	Keypress: t
97.3639 	DATA 	Keypress: lshift
97.3640 	DATA 	Keypress: t
98.9645 	DATA 	Keypress: lshift
98.9646 	DATA 	Keypress: t
99.8868 	DATA 	Keypress: lshift
99.8871 	DATA 	Keypress: c
100.5659 	DATA 	Keypress: lshift
100.5660 	DATA 	Keypress: t
102.1685 	DATA 	Keypress: lshift
102.1686 	DATA 	Keypress: t
102.5006 	DATA 	Keypress: lshift
102.5007 	DATA 	Keypress: c
103.7676 	DATA 	Keypress: lshift
103.7677 	DATA 	Keypress: t
105.3682 	DATA 	Keypress: lshift
105.3683 	DATA 	Keypress: t
106.9695 	DATA 	Keypress: lshift
106.9696 	DATA 	Keypress: t
107.0041 	DATA 	Keypress: lshift
107.0042 	DATA 	Keypress: c
108.5718 	DATA 	Keypress: lshift
108.5719 	DATA 	Keypress: t
109.2552 	DATA 	Keypress: lshift
109.2553 	DATA 	Keypress: c
110.1717 	DATA 	Keypress: lshift
110.1718 	DATA 	Keypress: t
111.7738 	DATA 	Keypress: lshift
111.7739 	DATA 	Keypress: t
113.3744 	DATA 	Keypress: lshift
113.3745 	DATA 	Keypress: t
114.6929 	DATA 	Keypress: lshift
114.6930 	DATA 	Keypress: c
114.9759 	DATA 	Keypress: lshift
114.9760 	DATA 	Keypress: t
116.5770 	DATA 	Keypress: lshift
116.5771 	DATA 	Keypress: t
116.7939 	DATA 	Keypress: lshift
116.7940 	DATA 	Keypress: b
118.1625 	DATA 	Keypress: lshift
118.1626 	DATA 	Keypress: t
119.7626 	DATA 	Keypress: lshift
119.7627 	DATA 	Keypress: t
121.3630 	DATA 	Keypress: lshift
121.3631 	DATA 	Keypress: t
122.3483 	DATA 	Keypress: lshift
122.3484 	DATA 	Keypress: a
122.9652 	DATA 	Keypress: lshift
122.9653 	DATA 	Keypress: t
124.5660 	DATA 	Keypress: lshift
124.5661 	DATA 	Keypress: t
124.8834 	DATA 	Keypress: lshift
124.8834 	DATA 	Keypress: b
126.1670 	DATA 	Keypress: lshift
126.1671 	DATA 	Keypress: t
127.7675 	DATA 	Keypress: lshift
127.7676 	DATA 	Keypress: t
129.2029 	DATA 	Keypress: lshift
129.2030 	DATA 	Keypress: c
129.3695 	DATA 	Keypress: lshift
129.3696 	DATA 	Keypress: t
130.9700 	DATA 	Keypress: lshift
130.9701 	DATA 	Keypress: t
131.8212 	DATA 	Keypress: lshift
131.8213 	DATA 	Keypress: c
132.5715 	DATA 	Keypress: lshift
132.5716 	DATA 	Keypress: t
134.1740 	DATA 	Keypress: lshift
134.1741 	DATA 	Keypress: t
135.7736 	DATA 	Keypress: lshift
135.7737 	DATA 	Keypress: t
137.1755 	DATA 	Keypress: lshift
137.1756 	DATA 	Keypress: a
137.3753 	DATA 	Keypress: lshift
137.3754 	DATA 	Keypress: t
138.9779 	DATA 	Keypress: lshift
138.9781 	DATA 	Keypress: t
139.2796 	DATA 	Keypress: b
140.5618 	DATA 	Keypress: lshift
140.5619 	DATA 	Keypress: t
142.1620 	DATA 	Keypress: lshift
142.1621 	DATA 	Keypress: t
143.6468 	DATA 	Keypress: lshift
143.6469 	DATA 	Keypress: a
143.7639 	DATA 	Keypress: lshift
143.7640 	DATA 	Keypress: t
145.3645 	DATA 	Keypress: lshift
145.3646 	DATA 	Keypress: t
146.9652 	DATA 	Keypress: lshift
146.9653 	DATA 	Keypress: t
147.0660 	DATA 	Keypress: b
148.5663 	DATA 	Keypress: lshift
148.5664 	DATA 	Keypress: t
150.1679 	DATA 	Keypress: lshift
150.1680 	DATA 	Keypress: t
151.6187 	DATA 	Keypress: lshift
151.6188 	DATA 	Keypress: a
151.7693 	DATA 	Keypress: lshift
151.7694 	DATA 	Keypress: t
153.3782 	DATA 	Keypress: lshift
153.3786 	DATA 	Keypress: t
153.9873 	DATA 	Keypress: b
154.9716 	DATA 	Keypress: lshift
154.9717 	DATA 	Keypress: t
156.5721 	DATA 	Keypress: lshift
156.5722 	DATA 	Keypress: t
158.1728 	DATA 	Keypress: lshift
158.1729 	DATA 	Keypress: t
158.5739 	DATA 	Keypress: c
159.7744 	DATA 	Keypress: lshift
159.7745 	DATA 	Keypress: t
160.7259 	DATA 	Keypress: a
161.3756 	DATA 	Keypress: lshift
161.3757 	DATA 	Keypress: t
162.9620 	DATA 	Keypress: lshift
162.9621 	DATA 	Keypress: t
164.5619 	DATA 	Keypress: lshift
164.5620 	DATA 	Keypress: t
165.0449 	DATA 	Keypress: lshift
165.0450 	DATA 	Keypress: a
166.1628 	DATA 	Keypress: lshift
166.1629 	DATA 	Keypress: t
166.4195 	DATA 	Keypress: lshift
166.4196 	DATA 	Keypress: b
167.7653 	DATA 	Keypress: lshift
167.7654 	DATA 	Keypress: t
169.3651 	DATA 	Keypress: lshift
169.3653 	DATA 	Keypress: t
170.9657 	DATA 	Keypress: lshift
170.9658 	DATA 	Keypress: t
171.6025 	DATA 	Keypress: b
172.5669 	DATA 	Keypress: lshift
172.5670 	DATA 	Keypress: t
174.1685 	DATA 	Keypress: lshift
174.1686 	DATA 	Keypress: t
175.7701 	DATA 	Keypress: lshift
175.7702 	DATA 	Keypress: t
177.3706 	DATA 	Keypress: lshift
177.3707 	DATA 	Keypress: t
178.5891 	DATA 	Keypress: lshift
178.5892 	DATA 	Keypress: b
178.9735 	DATA 	Keypress: lshift
178.9738 	DATA 	Keypress: t
180.5724 	DATA 	Keypress: lshift
180.5725 	DATA 	Keypress: t
182.1737 	DATA 	Keypress: lshift
182.1738 	DATA 	Keypress: t
182.2077 	DATA 	Keypress: b
183.7750 	DATA 	Keypress: lshift
183.7751 	DATA 	Keypress: t
185.3620 	DATA 	Keypress: lshift
185.3621 	DATA 	Keypress: t
186.2766 	DATA 	Keypress: lshift
186.2767 	DATA 	Keypress: a
186.9622 	DATA 	Keypress: lshift
186.9624 	DATA 	Keypress: t
188.5632 	DATA 	Keypress: lshift
188.5633 	DATA 	Keypress: t
190.1647 	DATA 	Keypress: lshift
190.1648 	DATA 	Keypress: t
190.4801 	DATA 	Keypress: lshift
190.4802 	DATA 	Keypress: a
191.7640 	DATA 	Keypress: lshift
191.7641 	DATA 	Keypress: t
193.0657 	DATA 	Keypress: lshift
193.0658 	DATA 	Keypress: c
193.3771 	DATA 	Keypress: lshift
193.3772 	DATA 	Keypress: t
194.9671 	DATA 	Keypress: lshift
194.9672 	DATA 	Keypress: t
196.5671 	DATA 	Keypress: lshift
196.5672 	DATA 	Keypress: t
197.5522 	DATA 	Keypress: lshift
197.5523 	DATA 	Keypress: a
198.1679 	DATA 	Keypress: lshift
198.1680 	DATA 	Keypress: t
199.7691 	DATA 	Keypress: lshift
199.7692 	DATA 	Keypress: t
199.8868 	DATA 	Keypress: b
201.3715 	DATA 	Keypress: lshift
201.3716 	DATA 	Keypress: t
202.9724 	DATA 	Keypress: lshift
202.9725 	DATA 	Keypress: t
204.5744 	DATA 	Keypress: lshift
204.5746 	DATA 	Keypress: t
204.6583 	DATA 	Keypress: lshift
204.6584 	DATA 	Keypress: b
206.1748 	DATA 	Keypress: lshift
206.1749 	DATA 	Keypress: t
207.2918 	DATA 	Keypress: lshift
207.2919 	DATA 	Keypress: c
207.7759 	DATA 	Keypress: lshift
207.7760 	DATA 	Keypress: t
208.0594 	DATA 	Keypress: lshift
208.0595 	DATA 	Keypress: c
209.3785 	DATA 	Keypress: lshift
209.3787 	DATA 	Keypress: t
210.9620 	DATA 	Keypress: lshift
210.9621 	DATA 	Keypress: t
211.7631 	DATA 	Keypress: lshift
211.7633 	DATA 	Keypress: a
212.5129 	DATA 	Keypress: lshift
212.5130 	DATA 	Keypress: a
212.5625 	DATA 	Keypress: lshift
212.5626 	DATA 	Keypress: t
214.1645 	DATA 	Keypress: lshift
214.1646 	DATA 	Keypress: t
214.5310 	DATA 	Keypress: lshift
214.5311 	DATA 	Keypress: c
215.7647 	DATA 	Keypress: lshift
215.7648 	DATA 	Keypress: t
217.3656 	DATA 	Keypress: lshift
217.3657 	DATA 	Keypress: t
218.9665 	DATA 	Keypress: lshift
218.9666 	DATA 	Keypress: t
218.9835 	DATA 	Keypress: lshift
218.9836 	DATA 	Keypress: a
220.5684 	DATA 	Keypress: lshift
220.5685 	DATA 	Keypress: t
221.6208 	DATA 	Keypress: b
221.8043 	DATA 	Keypress: c
222.1690 	DATA 	Keypress: lshift
222.1691 	DATA 	Keypress: t
223.7704 	DATA 	Keypress: lshift
223.7705 	DATA 	Keypress: t
225.3716 	DATA 	Keypress: lshift
225.3717 	DATA 	Keypress: t
226.8897 	DATA 	Keypress: lshift
226.8899 	DATA 	Keypress: a
226.9726 	DATA 	Keypress: lshift
226.9727 	DATA 	Keypress: t
228.5736 	DATA 	Keypress: lshift
228.5737 	DATA 	Keypress: t
229.5426 	DATA 	Keypress: a
230.1750 	DATA 	Keypress: lshift
230.1751 	DATA 	Keypress: t
231.7607 	DATA 	Keypress: lshift
231.7608 	DATA 	Keypress: t
233.3611 	DATA 	Keypress: lshift
233.3612 	DATA 	Keypress: t
234.9628 	DATA 	Keypress: lshift
234.9629 	DATA 	Keypress: t
235.0799 	DATA 	Keypress: lshift
235.0800 	DATA 	Keypress: a
236.5637 	DATA 	Keypress: lshift
236.5638 	DATA 	Keypress: t
238.1644 	DATA 	Keypress: lshift
238.1646 	DATA 	Keypress: t
238.4821 	DATA 	Keypress: lshift
238.4822 	DATA 	Keypress: b
239.7649 	DATA 	Keypress: lshift
239.7650 	DATA 	Keypress: t
241.3666 	DATA 	Keypress: lshift
241.3667 	DATA 	Keypress: t
242.9678 	DATA 	Keypress: lshift
242.9679 	DATA 	Keypress: t
244.2358 	DATA 	Keypress: lshift
244.2359 	DATA 	Keypress: a
244.5686 	DATA 	Keypress: lshift
244.5687 	DATA 	Keypress: t
246.1694 	DATA 	Keypress: lshift
246.1695 	DATA 	Keypress: t
246.4038 	DATA 	Keypress: lshift
246.4039 	DATA 	Keypress: a
247.7710 	DATA 	Keypress: lshift
247.7712 	DATA 	Keypress: t
249.3742 	DATA 	Keypress: lshift
249.3744 	DATA 	Keypress: t
250.9231 	DATA 	Keypress: lshift
250.9232 	DATA 	Keypress: a
250.9742 	DATA 	Keypress: lshift
250.9744 	DATA 	Keypress: t
252.5754 	DATA 	Keypress: lshift
252.5756 	DATA 	Keypress: t
254.1613 	DATA 	Keypress: lshift
254.1614 	DATA 	Keypress: t
255.1268 	DATA 	Keypress: lshift
255.1269 	DATA 	Keypress: a
255.7608 	DATA 	Keypress: lshift
255.7609 	DATA 	Keypress: t
257.3615 	DATA 	Keypress: lshift
257.3616 	DATA 	Keypress: t
258.7132 	DATA 	Keypress: lshift
258.7133 	DATA 	Keypress: b
258.9649 	DATA 	Keypress: lshift
258.9650 	DATA 	Keypress: t
260.5636 	DATA 	Keypress: lshift
260.5637 	DATA 	Keypress: t
262.1651 	DATA 	Keypress: lshift
262.1652 	DATA 	Keypress: t
263.7653 	DATA 	Keypress: lshift
263.7654 	DATA 	Keypress: t
264.0518 	DATA 	Keypress: lshift
264.0520 	DATA 	Keypress: a
265.3666 	DATA 	Keypress: lshift
265.3667 	DATA 	Keypress: t
266.9684 	DATA 	Keypress: lshift
266.9686 	DATA 	Keypress: t
267.6031 	DATA 	Keypress: lshift
267.6032 	DATA 	Keypress: c
268.5687 	DATA 	Keypress: lshift
268.5688 	DATA 	Keypress: t
270.1705 	DATA 	Keypress: lshift
270.1706 	DATA 	Keypress: t
271.7708 	DATA 	Keypress: lshift
271.7709 	DATA 	Keypress: t
273.3725 	DATA 	Keypress: lshift
273.3726 	DATA 	Keypress: t
274.1900 	DATA 	Keypress: lshift
274.1901 	DATA 	Keypress: c
274.9735 	DATA 	Keypress: lshift
274.9736 	DATA 	Keypress: t
276.0085 	DATA 	Keypress: lshift
276.0086 	DATA 	Keypress: c
276.5749 	DATA 	Keypress: lshift
276.5750 	DATA 	Keypress: t
278.1608 	DATA 	Keypress: lshift
278.1609 	DATA 	Keypress: t
279.5616 	DATA 	Keypress: lshift
279.5618 	DATA 	Keypress: c
279.7607 	DATA 	Keypress: lshift
279.7608 	DATA 	Keypress: t
281.1453 	DATA 	Keypress: lshift
281.1454 	DATA 	Keypress: c
281.3612 	DATA 	Keypress: lshift
281.3613 	DATA 	Keypress: t
282.0950 	DATA 	Keypress: lshift
282.0951 	DATA 	Keypress: c
282.9629 	DATA 	Keypress: lshift
282.9630 	DATA 	Keypress: t
284.5642 	DATA 	Keypress: lshift
284.5643 	DATA 	Keypress: t
285.2975 	DATA 	Keypress: lshift
285.2976 	DATA 	Keypress: c
286.1651 	DATA 	Keypress: lshift
286.1652 	DATA 	Keypress: t
286.8491 	DATA 	Keypress: lshift
286.8492 	DATA 	Keypress: c
287.7661 	DATA 	Keypress: lshift
287.7662 	DATA 	Keypress: t
287.8836 	DATA 	Keypress: lshift
287.8837 	DATA 	Keypress: c
289.2029 	DATA 	Keypress: lshift
289.2031 	DATA 	Keypress: c
289.3678 	DATA 	Keypress: lshift
289.3679 	DATA 	Keypress: t
290.9691 	DATA 	Keypress: lshift
290.9692 	DATA 	Keypress: t
292.5695 	DATA 	Keypress: lshift
292.5696 	DATA 	Keypress: t
292.8359 	DATA 	Keypress: lshift
292.8360 	DATA 	Keypress: c
294.1709 	DATA 	Keypress: lshift
294.1710 	DATA 	Keypress: t
294.9885 	DATA 	Keypress: lshift
294.9886 	DATA 	Keypress: c
295.7717 	DATA 	Keypress: lshift
295.7718 	DATA 	Keypress: t
296.8571 	DATA 	Keypress: lshift
296.8572 	DATA 	Keypress: c
297.3731 	DATA 	Keypress: lshift
297.3732 	DATA 	Keypress: t
298.9612 	DATA 	Keypress: lshift
298.9613 	DATA 	Keypress: t
300.5769 	DATA 	Keypress: lshift
300.5771 	DATA 	Keypress: t
301.0430 	DATA 	Keypress: lshift
301.0431 	DATA 	Keypress: b
302.1603 	DATA 	Keypress: lshift
302.1605 	DATA 	Keypress: t
303.7623 	DATA 	Keypress: lshift
303.7625 	DATA 	Keypress: t
304.1450 	DATA 	Keypress: a
305.3624 	DATA 	Keypress: lshift
305.3625 	DATA 	Keypress: t
306.9632 	DATA 	Keypress: lshift
306.9633 	DATA 	Keypress: t
308.0305 	DATA 	Keypress: lshift
308.0306 	DATA 	Keypress: a
308.5643 	DATA 	Keypress: lshift
308.5644 	DATA 	Keypress: t
308.5818 	DATA 	Keypress: lshift
308.5819 	DATA 	Keypress: a
310.1653 	DATA 	Keypress: lshift
310.1654 	DATA 	Keypress: t
311.1502 	DATA 	Keypress: lshift
311.1503 	DATA 	Keypress: b
311.7663 	DATA 	Keypress: lshift
311.7664 	DATA 	Keypress: t
313.3680 	DATA 	Keypress: lshift
313.3681 	DATA 	Keypress: t
314.9687 	DATA 	Keypress: lshift
314.9688 	DATA 	Keypress: t
316.5041 	DATA 	Keypress: lshift
316.5041 	DATA 	Keypress: a
316.5721 	DATA 	Keypress: lshift
316.5723 	DATA 	Keypress: t
318.1721 	DATA 	Keypress: lshift
318.1722 	DATA 	Keypress: t
318.8222 	DATA 	Keypress: lshift
318.8223 	DATA 	Keypress: b
319.7724 	DATA 	Keypress: lshift
319.7725 	DATA 	Keypress: t
321.3757 	DATA 	Keypress: lshift
321.3759 	DATA 	Keypress: t
322.9748 	DATA 	Keypress: lshift
322.9749 	DATA 	Keypress: t
323.3589 	DATA 	Keypress: lshift
323.3590 	DATA 	Keypress: c
324.5594 	DATA 	Keypress: lshift
324.5595 	DATA 	Keypress: t
325.9774 	DATA 	Keypress: lshift
325.9775 	DATA 	Keypress: c
326.1610 	DATA 	Keypress: lshift
326.1611 	DATA 	Keypress: t
326.6120 	DATA 	Keypress: lshift
326.6121 	DATA 	Keypress: c
327.7628 	DATA 	Keypress: lshift
327.7629 	DATA 	Keypress: t
329.3633 	DATA 	Keypress: lshift
329.3634 	DATA 	Keypress: t
330.9636 	DATA 	Keypress: lshift
330.9637 	DATA 	Keypress: t
331.0811 	DATA 	Keypress: lshift
331.0812 	DATA 	Keypress: b
332.5655 	DATA 	Keypress: lshift
332.5656 	DATA 	Keypress: t
334.1662 	DATA 	Keypress: lshift
334.1663 	DATA 	Keypress: t
334.8504 	DATA 	Keypress: lshift
334.8505 	DATA 	Keypress: c
335.7671 	DATA 	Keypress: lshift
335.7672 	DATA 	Keypress: t
337.3685 	DATA 	Keypress: lshift
337.3686 	DATA 	Keypress: t
338.9693 	DATA 	Keypress: lshift
338.9694 	DATA 	Keypress: t
339.5529 	DATA 	Keypress: lshift
339.5530 	DATA 	Keypress: c
340.5705 	DATA 	Keypress: lshift
340.5706 	DATA 	Keypress: t
341.8223 	DATA 	Keypress: lshift
341.8224 	DATA 	Keypress: c
342.1736 	DATA 	Keypress: lshift
342.1738 	DATA 	Keypress: t
343.7734 	DATA 	Keypress: lshift
343.7735 	DATA 	Keypress: t
344.2897 	DATA 	Keypress: lshift
344.2898 	DATA 	Keypress: c
344.9746 	DATA 	Keypress: lshift
344.9747 	DATA 	Keypress: c
345.3741 	DATA 	Keypress: lshift
345.3742 	DATA 	Keypress: t
345.5088 	DATA 	Keypress: lshift
345.5089 	DATA 	Keypress: c
346.9753 	DATA 	Keypress: lshift
346.9754 	DATA 	Keypress: t
348.5266 	DATA 	Keypress: lshift
348.5267 	DATA 	Keypress: c
348.5622 	DATA 	Keypress: lshift
348.5623 	DATA 	Keypress: t
349.5440 	DATA 	Keypress: lshift
349.5441 	DATA 	Keypress: a
350.1628 	DATA 	Keypress: lshift
350.1629 	DATA 	Keypress: t
351.7623 	DATA 	Keypress: lshift
351.7624 	DATA 	Keypress: t
352.6132 	DATA 	Keypress: a
353.3631 	DATA 	Keypress: lshift
353.3632 	DATA 	Keypress: t
354.9650 	DATA 	Keypress: lshift
354.9651 	DATA 	Keypress: t
356.5655 	DATA 	Keypress: lshift
356.5656 	DATA 	Keypress: t
357.0170 	DATA 	Keypress: lshift
357.0171 	DATA 	Keypress: a
358.1663 	DATA 	Keypress: lshift
358.1664 	DATA 	Keypress: t
359.1361 	DATA 	Keypress: lshift
359.1363 	DATA 	Keypress: b
359.7676 	DATA 	Keypress: lshift
359.7677 	DATA 	Keypress: t
361.3695 	DATA 	Keypress: lshift
361.3696 	DATA 	Keypress: t
362.9704 	DATA 	Keypress: lshift
362.9705 	DATA 	Keypress: t
363.6379 	DATA 	Keypress: lshift
363.6380 	DATA 	Keypress: b
364.5715 	DATA 	Keypress: lshift
364.5716 	DATA 	Keypress: t
365.6889 	DATA 	Keypress: lshift
365.6890 	DATA 	Keypress: b
366.1724 	DATA 	Keypress: lshift
366.1725 	DATA 	Keypress: t
367.7756 	DATA 	Keypress: lshift
367.7758 	DATA 	Keypress: t
369.3744 	DATA 	Keypress: lshift
369.3745 	DATA 	Keypress: t
370.5590 	DATA 	Keypress: lshift
370.5591 	DATA 	Keypress: c
370.9604 	DATA 	Keypress: lshift
370.9605 	DATA 	Keypress: t
372.5609 	DATA 	Keypress: lshift
372.5610 	DATA 	Keypress: t
373.2619 	DATA 	Keypress: lshift
373.2619 	DATA 	Keypress: b
374.1623 	DATA 	Keypress: lshift
374.1624 	DATA 	Keypress: t
375.7627 	DATA 	Keypress: lshift
375.7628 	DATA 	Keypress: t
377.3636 	DATA 	Keypress: lshift
377.3637 	DATA 	Keypress: t
377.5146 	DATA 	Keypress: lshift
377.5151 	DATA 	Keypress: a
378.9645 	DATA 	Keypress: lshift
378.9646 	DATA 	Keypress: t
380.1496 	DATA 	Keypress: lshift
380.1497 	DATA 	Keypress: b
380.5656 	DATA 	Keypress: lshift
380.5658 	DATA 	Keypress: t
382.1676 	DATA 	Keypress: lshift
382.1678 	DATA 	Keypress: t
383.7681 	DATA 	Keypress: lshift
383.7682 	DATA 	Keypress: t
384.3861 	DATA 	Keypress: lshift
384.3861 	DATA 	Keypress: a
385.3696 	DATA 	Keypress: lshift
385.3697 	DATA 	Keypress: t
386.9724 	DATA 	Keypress: lshift
386.9726 	DATA 	Keypress: t
387.3891 	DATA 	Keypress: b
388.5715 	DATA 	Keypress: lshift
388.5716 	DATA 	Keypress: t
390.1604 	DATA 	Keypress: lshift
390.1605 	DATA 	Keypress: t
391.7741 	DATA 	Keypress: lshift
391.7742 	DATA 	Keypress: t
391.7914 	DATA 	Keypress: lshift
391.7915 	DATA 	Keypress: a
393.3601 	DATA 	Keypress: lshift
393.3602 	DATA 	Keypress: t
394.9598 	DATA 	Keypress: lshift
394.9599 	DATA 	Keypress: t
395.6939 	DATA 	Keypress: b
396.5622 	DATA 	Keypress: lshift
396.5623 	DATA 	Keypress: t
398.1621 	DATA 	Keypress: lshift
398.1622 	DATA 	Keypress: t
399.6137 	DATA 	Keypress: lshift
399.6138 	DATA 	Keypress: a
399.7631 	DATA 	Keypress: lshift
399.7632 	DATA 	Keypress: t
401.3641 	DATA 	Keypress: lshift
401.3642 	DATA 	Keypress: t
402.9651 	DATA 	Keypress: lshift
402.9652 	DATA 	Keypress: t
403.1992 	DATA 	Keypress: lshift
403.1993 	DATA 	Keypress: a
404.5670 	DATA 	Keypress: lshift
404.5671 	DATA 	Keypress: t
406.1678 	DATA 	Keypress: lshift
406.1679 	DATA 	Keypress: t
407.7687 	DATA 	Keypress: lshift
407.7688 	DATA 	Keypress: t
408.1036 	DATA 	Keypress: lshift
408.1037 	DATA 	Keypress: a
409.3706 	DATA 	Keypress: lshift
409.3707 	DATA 	Keypress: t
410.9722 	DATA 	Keypress: lshift
410.9724 	DATA 	Keypress: t
411.6893 	DATA 	Keypress: lshift
411.6894 	DATA 	Keypress: b
412.5734 	DATA 	Keypress: lshift
412.5737 	DATA 	Keypress: t
414.1739 	DATA 	Keypress: lshift
414.1740 	DATA 	Keypress: t
415.7746 	DATA 	Keypress: lshift
415.7747 	DATA 	Keypress: t
416.0260 	DATA 	Keypress: lshift
416.0261 	DATA 	Keypress: c
417.3601 	DATA 	Keypress: lshift
417.3602 	DATA 	Keypress: t
418.5611 	DATA 	Keypress: lshift
418.5612 	DATA 	Keypress: c
418.9601 	DATA 	Keypress: lshift
418.9602 	DATA 	Keypress: t
420.5623 	DATA 	Keypress: lshift
420.5624 	DATA 	Keypress: t
422.1621 	DATA 	Keypress: lshift
422.1622 	DATA 	Keypress: t
422.5968 	DATA 	Keypress: lshift
422.5969 	DATA 	Keypress: a
423.7634 	DATA 	Keypress: lshift
423.7636 	DATA 	Keypress: t
424.7489 	DATA 	Keypress: lshift
424.7490 	DATA 	Keypress: b
425.3644 	DATA 	Keypress: lshift
425.3645 	DATA 	Keypress: t
426.9659 	DATA 	Keypress: lshift
426.9660 	DATA 	Keypress: t
428.5675 	DATA 	Keypress: lshift
428.5676 	DATA 	Keypress: t
429.4865 	DATA 	Keypress: b
430.1689 	DATA 	Keypress: lshift
430.1690 	DATA 	Keypress: t
431.7690 	DATA 	Keypress: lshift
431.7692 	DATA 	Keypress: t
432.6538 	DATA 	Keypress: b
433.3714 	DATA 	Keypress: lshift
433.3716 	DATA 	Keypress: t
434.9728 	DATA 	Keypress: lshift
434.9730 	DATA 	Keypress: t
436.3578 	DATA 	Keypress: a
436.5732 	DATA 	Keypress: lshift
436.5733 	DATA 	Keypress: t
438.1741 	DATA 	Keypress: lshift
438.1742 	DATA 	Keypress: t
438.1910 	DATA 	Keypress: a
439.7604 	DATA 	Keypress: lshift
439.7605 	DATA 	Keypress: t
441.3600 	DATA 	Keypress: lshift
441.3601 	DATA 	Keypress: t
442.7636 	DATA 	Keypress: a
442.9628 	DATA 	Keypress: lshift
442.9628 	DATA 	Keypress: t
444.5621 	DATA 	Keypress: lshift
444.5622 	DATA 	Keypress: t
445.1627 	DATA 	Keypress: a
446.1630 	DATA 	Keypress: lshift
446.1631 	DATA 	Keypress: t
447.7641 	DATA 	Keypress: lshift
447.7642 	DATA 	Keypress: t
448.9658 	DATA 	Keypress: b
449.0823 	DATA 	Keypress: a
449.3654 	DATA 	Keypress: lshift
449.3655 	DATA 	Keypress: t
450.8167 	DATA 	Keypress: a
450.9665 	DATA 	Keypress: lshift
450.9666 	DATA 	Keypress: t
452.5680 	DATA 	Keypress: lshift
452.5681 	DATA 	Keypress: t
454.1709 	DATA 	Keypress: lshift
454.1711 	DATA 	Keypress: t
455.7717 	DATA 	Keypress: lshift
455.7719 	DATA 	Keypress: t
455.9871 	DATA 	Keypress: a
457.3723 	DATA 	Keypress: lshift
457.3725 	DATA 	Keypress: t
458.7066 	DATA 	Keypress: b
459.0352 	DATA 	Keypress: lshift
459.0353 	DATA 	Keypress: t
460.5601 	DATA 	Keypress: lshift
460.5602 	DATA 	Keypress: t
462.1600 	DATA 	Keypress: lshift
462.1602 	DATA 	Keypress: t
463.7597 	DATA 	Keypress: lshift
463.7598 	DATA 	Keypress: t
464.0789 	DATA 	Keypress: c
465.3598 	DATA 	Keypress: lshift
465.3599 	DATA 	Keypress: t
466.9623 	DATA 	Keypress: lshift
466.9624 	DATA 	Keypress: t
467.1785 	DATA 	Keypress: lshift
467.1786 	DATA 	Keypress: a
468.5621 	DATA 	Keypress: lshift
468.5622 	DATA 	Keypress: t
470.1635 	DATA 	Keypress: lshift
470.1636 	DATA 	Keypress: t
471.2667 	DATA 	Keypress: b
471.7655 	DATA 	Keypress: lshift
471.7656 	DATA 	Keypress: t
473.3655 	DATA 	Keypress: lshift
473.3657 	DATA 	Keypress: t
474.1335 	DATA 	Keypress: a
474.9668 	DATA 	Keypress: lshift
474.9669 	DATA 	Keypress: t
476.5690 	DATA 	Keypress: lshift
476.5691 	DATA 	Keypress: t
478.1704 	DATA 	Keypress: lshift
478.1705 	DATA 	Keypress: t
479.1538 	DATA 	Keypress: c
479.7701 	DATA 	Keypress: lshift
479.7702 	DATA 	Keypress: t
481.0053 	DATA 	Keypress: a
481.3718 	DATA 	Keypress: lshift
481.3719 	DATA 	Keypress: t
482.9606 	DATA 	Keypress: lshift
482.9607 	DATA 	Keypress: t
484.5741 	DATA 	Keypress: lshift
484.5742 	DATA 	Keypress: t
485.4756 	DATA 	Keypress: b
486.1602 	DATA 	Keypress: lshift
486.1603 	DATA 	Keypress: t
487.7621 	DATA 	Keypress: lshift
487.7622 	DATA 	Keypress: t
488.0776 	DATA 	Keypress: a
489.3625 	DATA 	Keypress: lshift
489.3626 	DATA 	Keypress: t
490.9619 	DATA 	Keypress: lshift
490.9620 	DATA 	Keypress: t
492.5301 	DATA 	Keypress: a
492.5631 	DATA 	Keypress: lshift
492.5632 	DATA 	Keypress: t
494.1646 	DATA 	Keypress: lshift
494.1647 	DATA 	Keypress: t
494.4982 	DATA 	Keypress: a
495.7651 	DATA 	Keypress: lshift
495.7652 	DATA 	Keypress: t
497.3665 	DATA 	Keypress: lshift
497.3666 	DATA 	Keypress: t
498.9677 	DATA 	Keypress: lshift
498.9678 	DATA 	Keypress: t
499.7536 	DATA 	Keypress: b
500.5696 	DATA 	Keypress: lshift
500.5698 	DATA 	Keypress: t
502.1538 	DATA 	Keypress: a
502.1699 	DATA 	Keypress: lshift
502.1700 	DATA 	Keypress: t
503.7724 	DATA 	Keypress: lshift
503.7726 	DATA 	Keypress: t
505.3721 	DATA 	Keypress: lshift
505.3722 	DATA 	Keypress: t
506.5083 	DATA 	Keypress: a
506.9599 	DATA 	Keypress: lshift
506.9600 	DATA 	Keypress: t
508.5746 	DATA 	Keypress: lshift
508.5747 	DATA 	Keypress: t
508.6248 	DATA 	Keypress: a
510.1603 	DATA 	Keypress: lshift
510.1604 	DATA 	Keypress: t
511.7598 	DATA 	Keypress: lshift
511.7599 	DATA 	Keypress: t
512.6129 	DATA 	Keypress: c
513.3630 	DATA 	Keypress: c
513.3632 	DATA 	Keypress: lshift
513.3632 	DATA 	Keypress: t
514.9624 	DATA 	Keypress: lshift
514.9625 	DATA 	Keypress: t
515.5131 	DATA 	Keypress: a
516.5634 	DATA 	Keypress: lshift
516.5635 	DATA 	Keypress: t
518.1647 	DATA 	Keypress: lshift
518.1648 	DATA 	Keypress: t
519.7496 	DATA 	Keypress: a
519.7658 	DATA 	Keypress: lshift
519.7659 	DATA 	Keypress: t
521.3668 	DATA 	Keypress: lshift
521.3669 	DATA 	Keypress: t
521.5838 	DATA 	Keypress: a
522.8033 	DATA 	Keypress: a
522.9690 	DATA 	Keypress: lshift
522.9691 	DATA 	Keypress: t
524.5695 	DATA 	Keypress: lshift
524.5696 	DATA 	Keypress: t
526.1706 	DATA 	Keypress: lshift
526.1707 	DATA 	Keypress: t
526.8897 	DATA 	Keypress: a
527.7719 	DATA 	Keypress: lshift
527.7720 	DATA 	Keypress: t
529.1556 	DATA 	Keypress: a
529.3725 	DATA 	Keypress: lshift
529.3726 	DATA 	Keypress: t
530.1407 	DATA 	Keypress: a
530.9739 	DATA 	Keypress: lshift
530.9740 	DATA 	Keypress: t
532.5601 	DATA 	Keypress: lshift
532.5602 	DATA 	Keypress: t
534.1596 	DATA 	Keypress: lshift
534.1597 	DATA 	Keypress: t
534.9944 	DATA 	Keypress: a
535.7611 	DATA 	Keypress: lshift
535.7613 	DATA 	Keypress: t
537.0619 	DATA 	Keypress: a
537.3623 	DATA 	Keypress: lshift
537.3624 	DATA 	Keypress: t
538.9631 	DATA 	Keypress: lshift
538.9632 	DATA 	Keypress: t
540.5719 	DATA 	Keypress: lshift
540.5722 	DATA 	Keypress: t
540.8486 	DATA 	Keypress: a
542.1656 	DATA 	Keypress: lshift
542.1657 	DATA 	Keypress: t
543.7665 	DATA 	Keypress: lshift
543.7666 	DATA 	Keypress: t
544.3846 	DATA 	Keypress: a
545.3672 	DATA 	Keypress: lshift
545.3673 	DATA 	Keypress: t
546.9690 	DATA 	Keypress: lshift
546.9691 	DATA 	Keypress: t
548.5695 	DATA 	Keypress: lshift
548.5696 	DATA 	Keypress: t
549.2886 	DATA 	Keypress: a
550.1713 	DATA 	Keypress: lshift
550.1714 	DATA 	Keypress: t
551.7721 	DATA 	Keypress: lshift
551.7722 	DATA 	Keypress: t
551.9412 	DATA 	Keypress: a
553.3734 	DATA 	Keypress: lshift
553.3735 	DATA 	Keypress: t
554.9601 	DATA 	Keypress: lshift
554.9602 	DATA 	Keypress: t
556.0094 	DATA 	Keypress: a
556.5588 	DATA 	Keypress: lshift
556.5589 	DATA 	Keypress: t
557.9938 	DATA 	Keypress: a
558.1609 	DATA 	Keypress: lshift
558.1610 	DATA 	Keypress: t
559.7623 	DATA 	Keypress: lshift
559.7624 	DATA 	Keypress: t
560.7964 	DATA 	Keypress: a
561.3629 	DATA 	Keypress: lshift
561.3630 	DATA 	Keypress: t
561.8795 	DATA 	Keypress: a
562.9630 	DATA 	Keypress: lshift
562.9631 	DATA 	Keypress: t
564.1673 	DATA 	Keypress: a
564.5640 	DATA 	Keypress: lshift
564.5641 	DATA 	Keypress: t
566.1659 	DATA 	Keypress: lshift
566.1660 	DATA 	Keypress: t
566.9496 	DATA 	Keypress: a
567.4501 	DATA 	Keypress: a
567.7666 	DATA 	Keypress: lshift
567.7667 	DATA 	Keypress: t
568.2844 	DATA 	Keypress: a
569.3681 	DATA 	Keypress: lshift
569.3682 	DATA 	Keypress: t
570.9365 	DATA 	Keypress: lshift
570.9366 	DATA 	Keypress: b
570.9717 	DATA 	Keypress: lshift
570.9720 	DATA 	Keypress: t
572.5717 	DATA 	Keypress: lshift
572.5719 	DATA 	Keypress: t
574.1736 	DATA 	Keypress: lshift
574.1739 	DATA 	Keypress: t
575.7725 	DATA 	Keypress: lshift
575.7726 	DATA 	Keypress: t
576.1901 	DATA 	Keypress: c
577.3738 	DATA 	Keypress: lshift
577.3739 	DATA 	Keypress: t
578.3256 	DATA 	Keypress: lshift
578.3257 	DATA 	Keypress: c
578.9586 	DATA 	Keypress: lshift
578.9587 	DATA 	Keypress: t
580.5612 	DATA 	Keypress: lshift
580.5613 	DATA 	Keypress: t
582.1606 	DATA 	Keypress: lshift
582.1607 	DATA 	Keypress: t
583.7615 	DATA 	Keypress: lshift
583.7616 	DATA 	Keypress: t
584.2151 	DATA 	Keypress: c
585.3627 	DATA 	Keypress: lshift
585.3628 	DATA 	Keypress: t
586.8148 	DATA 	Keypress: a
586.9644 	DATA 	Keypress: lshift
586.9645 	DATA 	Keypress: t
588.5653 	DATA 	Keypress: lshift
588.5654 	DATA 	Keypress: t
590.1664 	DATA 	Keypress: lshift
590.1665 	DATA 	Keypress: t
591.6848 	DATA 	Keypress: a
